<html>
<head>
<title>TestNG:  Gradle test</title>
<link href="../testng.css" rel="stylesheet" type="text/css" />
<link href="../my-testng.css" rel="stylesheet" type="text/css" />

<style type="text/css">
.log { display: none;} 
.stack-trace { display: none;} 
</style>
<script type="text/javascript">
<!--
function flip(e) {
  current = e.style.display;
  if (current == 'block') {
    e.style.display = 'none';
    return 0;
  }
  else {
    e.style.display = 'block';
    return 1;
  }
}

function toggleBox(szDivId, elem, msg1, msg2)
{
  var res = -1;  if (document.getElementById) {
    res = flip(document.getElementById(szDivId));
  }
  else if (document.all) {
    // this is the way old msie versions work
    res = flip(document.all[szDivId]);
  }
  if(elem) {
    if(res == 0) elem.innerHTML = msg1; else elem.innerHTML = msg2;
  }

}

function toggleAllBoxes() {
  if (document.getElementsByTagName) {
    d = document.getElementsByTagName('div');
    for (i = 0; i < d.length; i++) {
      if (d[i].className == 'log') {
        flip(d[i]);
      }
    }
  }
}

// -->
</script>

</head>
<body>
<h2 align='center'>Gradle test</h2><table border='1' align="center">
<tr>
<td>Tests passed/Failed/Skipped:</td><td>3/8/0</td>
</tr><tr>
<td>Started on:</td><td>Tue Jan 21 19:41:10 CST 2020</td>
</tr>
<tr><td>Total time:</td><td>698 seconds (698490 ms)</td>
</tr><tr>
<td>Included groups:</td><td>14477 </td>
</tr><tr>
<td>Excluded groups:</td><td>null </td>
</tr>
</table><p/>
<small><i>(Hover the method name to see the test class name)</i></small><p/>
<table width='100%' border='1' class='invocation-failed'>
<tr><td colspan='4' align='center'><b>FAILED TESTS</b></td></tr>
<tr><td><b>Test method</b></td>
<td width="30%"><b>Exception</b></td>
<td width="10%"><b>Time (seconds)</b></td>
<td><b>Instance</b></td>
</tr>
<tr>
<td title='com.swacorp.crew.tests.regression.oqs.crew14477.TC181510_181551_181552.TC181359_OQS_RK_TRiM_FO_Add_a_FO_to_OQS_RK_and_verify_in_TRiM()'><b>TC181359_OQS_RK_TRiM_FO_Add_a_FO_to_OQS_RK_and_verify_in_TRiM</b><br>Test class: com.swacorp.crew.tests.regression.oqs.crew14477.TC181510_181551_181552<br>Parameters: [Ljava.lang.String;@413804ae</td>
<td><div><pre>java.lang.AssertionError: CREW employee details not visible on Trim.
	at com.swacorp.crew.utils.ReportUtil.reportLeanFT(ReportUtil.java:46)
	at com.swacorp.crew.pages.trim.homepage.TrimHomePageAM.ValidateSearchResults(TrimHomePageAM.java:135)
	at com.swacorp.crew.tests.regression.oqs.crew14477.Wrappers.Add_Crew_Member_In_OQS_Verify_In_Trim.WrapperMethod(Add_Crew_Member_In_OQS_Verify_In_Trim.java:55)
	at com.swacorp.crew.tests.regression.oqs.crew14477.TC181510_181551_181552.TC181359_OQS_RK_TRiM_FO_Add_a_FO_to_OQS_RK_and_verify_in_TRiM(TC181510_181551_181552.java:55)
	at java.util.concurrent.ThreadPoolExecutor.runWorker(ThreadPoolExecutor.java:1149)
	at java.util.concurrent.ThreadPoolExecutor$Worker.run(ThreadPoolExecutor.java:624)
	at java.lang.Thread.run(Thread.java:748)
Caused by: java.lang.Throwable
	... 17 more
... Removed 11 stack frames</pre></div><a href='#' onClick='toggleBox("stack-trace295810171", this, "Click to show all stack frames", "Click to hide stack frames")'>Click to show all stack frames</a>
<div class='stack-trace' id='stack-trace295810171'><pre>java.lang.AssertionError: CREW employee details not visible on Trim.
	at org.testng.Assert.fail(Assert.java:85)
	at com.swacorp.crew.utils.ReportUtil.reportLeanFT(ReportUtil.java:46)
	at com.swacorp.crew.pages.trim.homepage.TrimHomePageAM.ValidateSearchResults(TrimHomePageAM.java:135)
	at com.swacorp.crew.tests.regression.oqs.crew14477.Wrappers.Add_Crew_Member_In_OQS_Verify_In_Trim.WrapperMethod(Add_Crew_Member_In_OQS_Verify_In_Trim.java:55)
	at com.swacorp.crew.tests.regression.oqs.crew14477.TC181510_181551_181552.TC181359_OQS_RK_TRiM_FO_Add_a_FO_to_OQS_RK_and_verify_in_TRiM(TC181510_181551_181552.java:55)
	at sun.reflect.NativeMethodAccessorImpl.invoke0(Native Method)
	at sun.reflect.NativeMethodAccessorImpl.invoke(NativeMethodAccessorImpl.java:62)
	at sun.reflect.DelegatingMethodAccessorImpl.invoke(DelegatingMethodAccessorImpl.java:43)
	at java.lang.reflect.Method.invoke(Method.java:498)
	at org.testng.internal.MethodInvocationHelper.invokeMethod(MethodInvocationHelper.java:124)
	at org.testng.internal.Invoker.invokeMethod(Invoker.java:583)
	at org.testng.internal.Invoker.invokeTestMethod(Invoker.java:719)
	at org.testng.internal.Invoker.invokeTestMethods(Invoker.java:989)
	at org.testng.internal.TestMethodWorker.invokeTestMethods(TestMethodWorker.java:125)
	at org.testng.internal.TestMethodWorker.run(TestMethodWorker.java:109)
	at java.util.concurrent.ThreadPoolExecutor.runWorker(ThreadPoolExecutor.java:1149)
	at java.util.concurrent.ThreadPoolExecutor$Worker.run(ThreadPoolExecutor.java:624)
	at java.lang.Thread.run(Thread.java:748)
Caused by: java.lang.Throwable
	... 17 more
</pre></div></td>
<td>63</td>
<td>com.swacorp.crew.tests.regression.oqs.crew14477.TC181510_181551_181552@1b41543f</td></tr>
<tr>
<td title='com.swacorp.crew.tests.regression.oqs.crew14477.TC181391.TC181391_OQS_RK_TRiM_Sim_Instructor_Add_a_Sim_Instructor_to_OQS_RK_and_verify_in_TRiM()'><b>TC181391_OQS_RK_TRiM_Sim_Instructor_Add_a_Sim_Instructor_to_OQS_RK_and_verify_in_TRiM</b><br>Test class: com.swacorp.crew.tests.regression.oqs.crew14477.TC181391</td>
<td><div><pre>org.testng.TestNGException: 
Method public void com.swacorp.crew.tests.regression.oqs.crew14477.TC181391.TC181391_OQS_RK_TRiM_Sim_Instructor_Add_a_Sim_Instructor_to_OQS_RK_and_verify_in_TRiM(java.lang.String[]) throws com.hp.lft.sdk.GeneralLeanFtException,java.lang.Exception requires a @DataProvider named : TC181391 in class com.swacorp.crew.dataprovider.TestDataProvider
	at java.util.concurrent.ThreadPoolExecutor.runWorker(ThreadPoolExecutor.java:1149)
	at java.util.concurrent.ThreadPoolExecutor$Worker.run(ThreadPoolExecutor.java:624)
	at java.lang.Thread.run(Thread.java:748)
... Removed 7 stack frames</pre></div><a href='#' onClick='toggleBox("stack-trace145473000", this, "Click to show all stack frames", "Click to hide stack frames")'>Click to show all stack frames</a>
<div class='stack-trace' id='stack-trace145473000'><pre>org.testng.TestNGException: 
Method public void com.swacorp.crew.tests.regression.oqs.crew14477.TC181391.TC181391_OQS_RK_TRiM_Sim_Instructor_Add_a_Sim_Instructor_to_OQS_RK_and_verify_in_TRiM(java.lang.String[]) throws com.hp.lft.sdk.GeneralLeanFtException,java.lang.Exception requires a @DataProvider named : TC181391 in class com.swacorp.crew.dataprovider.TestDataProvider
	at org.testng.internal.Parameters.findDataProvider(Parameters.java:513)
	at org.testng.internal.Parameters.handleParameters(Parameters.java:691)
	at org.testng.internal.ParameterHandler.handleParameters(ParameterHandler.java:49)
	at org.testng.internal.ParameterHandler.createParameters(ParameterHandler.java:37)
	at org.testng.internal.Invoker.invokeTestMethods(Invoker.java:924)
	at org.testng.internal.TestMethodWorker.invokeTestMethods(TestMethodWorker.java:125)
	at org.testng.internal.TestMethodWorker.run(TestMethodWorker.java:109)
	at java.util.concurrent.ThreadPoolExecutor.runWorker(ThreadPoolExecutor.java:1149)
	at java.util.concurrent.ThreadPoolExecutor$Worker.run(ThreadPoolExecutor.java:624)
	at java.lang.Thread.run(Thread.java:748)
</pre></div></td>
<td>0</td>
<td>com.swacorp.crew.tests.regression.oqs.crew14477.TC181391@48ed48c9</td></tr>
<tr>
<td title='com.swacorp.crew.tests.regression.oqs.crew14477.TC181507.TC181507_OQS_RK_TRiM_Attempt_to_add_an_existing_CA_to_OQS_RK_and_verify_in_TRiM()'><b>TC181507_OQS_RK_TRiM_Attempt_to_add_an_existing_CA_to_OQS_RK_and_verify_in_TRiM</b><br>Test class: com.swacorp.crew.tests.regression.oqs.crew14477.TC181507</td>
<td><div><pre>org.testng.TestNGException: 
Method public void com.swacorp.crew.tests.regression.oqs.crew14477.TC181507.TC181507_OQS_RK_TRiM_Attempt_to_add_an_existing_CA_to_OQS_RK_and_verify_in_TRiM(java.lang.String[]) throws java.lang.Exception requires a @DataProvider named : TC181391 in class com.swacorp.crew.dataprovider.TestDataProvider
	at java.util.concurrent.ThreadPoolExecutor.runWorker(ThreadPoolExecutor.java:1149)
	at java.util.concurrent.ThreadPoolExecutor$Worker.run(ThreadPoolExecutor.java:624)
	at java.lang.Thread.run(Thread.java:748)
... Removed 7 stack frames</pre></div><a href='#' onClick='toggleBox("stack-trace682014692", this, "Click to show all stack frames", "Click to hide stack frames")'>Click to show all stack frames</a>
<div class='stack-trace' id='stack-trace682014692'><pre>org.testng.TestNGException: 
Method public void com.swacorp.crew.tests.regression.oqs.crew14477.TC181507.TC181507_OQS_RK_TRiM_Attempt_to_add_an_existing_CA_to_OQS_RK_and_verify_in_TRiM(java.lang.String[]) throws java.lang.Exception requires a @DataProvider named : TC181391 in class com.swacorp.crew.dataprovider.TestDataProvider
	at org.testng.internal.Parameters.findDataProvider(Parameters.java:513)
	at org.testng.internal.Parameters.handleParameters(Parameters.java:691)
	at org.testng.internal.ParameterHandler.handleParameters(ParameterHandler.java:49)
	at org.testng.internal.ParameterHandler.createParameters(ParameterHandler.java:37)
	at org.testng.internal.Invoker.invokeTestMethods(Invoker.java:924)
	at org.testng.internal.TestMethodWorker.invokeTestMethods(TestMethodWorker.java:125)
	at org.testng.internal.TestMethodWorker.run(TestMethodWorker.java:109)
	at java.util.concurrent.ThreadPoolExecutor.runWorker(ThreadPoolExecutor.java:1149)
	at java.util.concurrent.ThreadPoolExecutor$Worker.run(ThreadPoolExecutor.java:624)
	at java.lang.Thread.run(Thread.java:748)
</pre></div></td>
<td>0</td>
<td>com.swacorp.crew.tests.regression.oqs.crew14477.TC181507@31fb8728</td></tr>
<tr>
<td title='com.swacorp.crew.tests.regression.oqs.crew14477.TC181510_181551_181552.TC181508_OQS_RK_TRiM_FO_Add_multiple_FOs_to_OQS_RK_and_verify_in_TRiM()'><b>TC181508_OQS_RK_TRiM_FO_Add_multiple_FOs_to_OQS_RK_and_verify_in_TRiM</b><br>Test class: com.swacorp.crew.tests.regression.oqs.crew14477.TC181510_181551_181552<br>Parameters: [Ljava.lang.String;@1a9deed3</td>
<td><div><pre>java.lang.AssertionError: CREW employee details not visible on Trim.
	at com.swacorp.crew.utils.ReportUtil.reportLeanFT(ReportUtil.java:46)
	at com.swacorp.crew.pages.trim.homepage.TrimHomePageAM.ValidateSearchResults(TrimHomePageAM.java:135)
	at com.swacorp.crew.tests.regression.oqs.crew14477.Wrappers.Add_Crew_Member_In_OQS_Verify_In_Trim.WrapperMethod(Add_Crew_Member_In_OQS_Verify_In_Trim.java:55)
	at com.swacorp.crew.tests.regression.oqs.crew14477.TC181510_181551_181552.TC181508_OQS_RK_TRiM_FO_Add_multiple_FOs_to_OQS_RK_and_verify_in_TRiM(TC181510_181551_181552.java:61)
	at java.util.concurrent.ThreadPoolExecutor.runWorker(ThreadPoolExecutor.java:1149)
	at java.util.concurrent.ThreadPoolExecutor$Worker.run(ThreadPoolExecutor.java:624)
	at java.lang.Thread.run(Thread.java:748)
Caused by: java.lang.Throwable
	... 17 more
... Removed 11 stack frames</pre></div><a href='#' onClick='toggleBox("stack-trace1305018719", this, "Click to show all stack frames", "Click to hide stack frames")'>Click to show all stack frames</a>
<div class='stack-trace' id='stack-trace1305018719'><pre>java.lang.AssertionError: CREW employee details not visible on Trim.
	at org.testng.Assert.fail(Assert.java:85)
	at com.swacorp.crew.utils.ReportUtil.reportLeanFT(ReportUtil.java:46)
	at com.swacorp.crew.pages.trim.homepage.TrimHomePageAM.ValidateSearchResults(TrimHomePageAM.java:135)
	at com.swacorp.crew.tests.regression.oqs.crew14477.Wrappers.Add_Crew_Member_In_OQS_Verify_In_Trim.WrapperMethod(Add_Crew_Member_In_OQS_Verify_In_Trim.java:55)
	at com.swacorp.crew.tests.regression.oqs.crew14477.TC181510_181551_181552.TC181508_OQS_RK_TRiM_FO_Add_multiple_FOs_to_OQS_RK_and_verify_in_TRiM(TC181510_181551_181552.java:61)
	at sun.reflect.NativeMethodAccessorImpl.invoke0(Native Method)
	at sun.reflect.NativeMethodAccessorImpl.invoke(NativeMethodAccessorImpl.java:62)
	at sun.reflect.DelegatingMethodAccessorImpl.invoke(DelegatingMethodAccessorImpl.java:43)
	at java.lang.reflect.Method.invoke(Method.java:498)
	at org.testng.internal.MethodInvocationHelper.invokeMethod(MethodInvocationHelper.java:124)
	at org.testng.internal.Invoker.invokeMethod(Invoker.java:583)
	at org.testng.internal.Invoker.invokeTestMethod(Invoker.java:719)
	at org.testng.internal.Invoker.invokeTestMethods(Invoker.java:989)
	at org.testng.internal.TestMethodWorker.invokeTestMethods(TestMethodWorker.java:125)
	at org.testng.internal.TestMethodWorker.run(TestMethodWorker.java:109)
	at java.util.concurrent.ThreadPoolExecutor.runWorker(ThreadPoolExecutor.java:1149)
	at java.util.concurrent.ThreadPoolExecutor$Worker.run(ThreadPoolExecutor.java:624)
	at java.lang.Thread.run(Thread.java:748)
Caused by: java.lang.Throwable
	... 17 more
</pre></div></td>
<td>72</td>
<td>com.swacorp.crew.tests.regression.oqs.crew14477.TC181510_181551_181552@1b41543f</td></tr>
<tr>
<td title='com.swacorp.crew.tests.regression.oqs.crew14477.TC181510_181551_181552.TC181508_OQS_RK_TRiM_FO_Add_multiple_FOs_to_OQS_RK_and_verify_in_TRiM()'><b>TC181508_OQS_RK_TRiM_FO_Add_multiple_FOs_to_OQS_RK_and_verify_in_TRiM</b><br>Test class: com.swacorp.crew.tests.regression.oqs.crew14477.TC181510_181551_181552<br>Parameters: [Ljava.lang.String;@4b1a5b80</td>
<td><div><pre>java.lang.AssertionError: CREW employee details not visible on Trim.
	at com.swacorp.crew.utils.ReportUtil.reportLeanFT(ReportUtil.java:46)
	at com.swacorp.crew.pages.trim.homepage.TrimHomePageAM.ValidateSearchResults(TrimHomePageAM.java:135)
	at com.swacorp.crew.tests.regression.oqs.crew14477.Wrappers.Add_Crew_Member_In_OQS_Verify_In_Trim.WrapperMethod(Add_Crew_Member_In_OQS_Verify_In_Trim.java:55)
	at com.swacorp.crew.tests.regression.oqs.crew14477.TC181510_181551_181552.TC181508_OQS_RK_TRiM_FO_Add_multiple_FOs_to_OQS_RK_and_verify_in_TRiM(TC181510_181551_181552.java:61)
	at java.util.concurrent.ThreadPoolExecutor.runWorker(ThreadPoolExecutor.java:1149)
	at java.util.concurrent.ThreadPoolExecutor$Worker.run(ThreadPoolExecutor.java:624)
	at java.lang.Thread.run(Thread.java:748)
Caused by: java.lang.Throwable
	... 17 more
... Removed 11 stack frames</pre></div><a href='#' onClick='toggleBox("stack-trace1750652845", this, "Click to show all stack frames", "Click to hide stack frames")'>Click to show all stack frames</a>
<div class='stack-trace' id='stack-trace1750652845'><pre>java.lang.AssertionError: CREW employee details not visible on Trim.
	at org.testng.Assert.fail(Assert.java:85)
	at com.swacorp.crew.utils.ReportUtil.reportLeanFT(ReportUtil.java:46)
	at com.swacorp.crew.pages.trim.homepage.TrimHomePageAM.ValidateSearchResults(TrimHomePageAM.java:135)
	at com.swacorp.crew.tests.regression.oqs.crew14477.Wrappers.Add_Crew_Member_In_OQS_Verify_In_Trim.WrapperMethod(Add_Crew_Member_In_OQS_Verify_In_Trim.java:55)
	at com.swacorp.crew.tests.regression.oqs.crew14477.TC181510_181551_181552.TC181508_OQS_RK_TRiM_FO_Add_multiple_FOs_to_OQS_RK_and_verify_in_TRiM(TC181510_181551_181552.java:61)
	at sun.reflect.NativeMethodAccessorImpl.invoke0(Native Method)
	at sun.reflect.NativeMethodAccessorImpl.invoke(NativeMethodAccessorImpl.java:62)
	at sun.reflect.DelegatingMethodAccessorImpl.invoke(DelegatingMethodAccessorImpl.java:43)
	at java.lang.reflect.Method.invoke(Method.java:498)
	at org.testng.internal.MethodInvocationHelper.invokeMethod(MethodInvocationHelper.java:124)
	at org.testng.internal.Invoker.invokeMethod(Invoker.java:583)
	at org.testng.internal.Invoker.invokeTestMethod(Invoker.java:719)
	at org.testng.internal.Invoker.invokeTestMethods(Invoker.java:989)
	at org.testng.internal.TestMethodWorker.invokeTestMethods(TestMethodWorker.java:125)
	at org.testng.internal.TestMethodWorker.run(TestMethodWorker.java:109)
	at java.util.concurrent.ThreadPoolExecutor.runWorker(ThreadPoolExecutor.java:1149)
	at java.util.concurrent.ThreadPoolExecutor$Worker.run(ThreadPoolExecutor.java:624)
	at java.lang.Thread.run(Thread.java:748)
Caused by: java.lang.Throwable
	... 17 more
</pre></div></td>
<td>58</td>
<td>com.swacorp.crew.tests.regression.oqs.crew14477.TC181510_181551_181552@1b41543f</td></tr>
<tr>
<td title='com.swacorp.crew.tests.regression.oqs.crew14477.TC181510_181551_181552.TC181508_OQS_RK_TRiM_FO_Add_multiple_FOs_to_OQS_RK_and_verify_in_TRiM()'><b>TC181508_OQS_RK_TRiM_FO_Add_multiple_FOs_to_OQS_RK_and_verify_in_TRiM</b><br>Test class: com.swacorp.crew.tests.regression.oqs.crew14477.TC181510_181551_181552<br>Parameters: [Ljava.lang.String;@55ab6cb6</td>
<td><div><pre>java.lang.AssertionError: CREW employee details not visible on Trim.
	at com.swacorp.crew.utils.ReportUtil.reportLeanFT(ReportUtil.java:46)
	at com.swacorp.crew.pages.trim.homepage.TrimHomePageAM.ValidateSearchResults(TrimHomePageAM.java:135)
	at com.swacorp.crew.tests.regression.oqs.crew14477.Wrappers.Add_Crew_Member_In_OQS_Verify_In_Trim.WrapperMethod(Add_Crew_Member_In_OQS_Verify_In_Trim.java:55)
	at com.swacorp.crew.tests.regression.oqs.crew14477.TC181510_181551_181552.TC181508_OQS_RK_TRiM_FO_Add_multiple_FOs_to_OQS_RK_and_verify_in_TRiM(TC181510_181551_181552.java:61)
	at java.util.concurrent.ThreadPoolExecutor.runWorker(ThreadPoolExecutor.java:1149)
	at java.util.concurrent.ThreadPoolExecutor$Worker.run(ThreadPoolExecutor.java:624)
	at java.lang.Thread.run(Thread.java:748)
Caused by: java.lang.Throwable
	... 17 more
... Removed 11 stack frames</pre></div><a href='#' onClick='toggleBox("stack-trace1502593059", this, "Click to show all stack frames", "Click to hide stack frames")'>Click to show all stack frames</a>
<div class='stack-trace' id='stack-trace1502593059'><pre>java.lang.AssertionError: CREW employee details not visible on Trim.
	at org.testng.Assert.fail(Assert.java:85)
	at com.swacorp.crew.utils.ReportUtil.reportLeanFT(ReportUtil.java:46)
	at com.swacorp.crew.pages.trim.homepage.TrimHomePageAM.ValidateSearchResults(TrimHomePageAM.java:135)
	at com.swacorp.crew.tests.regression.oqs.crew14477.Wrappers.Add_Crew_Member_In_OQS_Verify_In_Trim.WrapperMethod(Add_Crew_Member_In_OQS_Verify_In_Trim.java:55)
	at com.swacorp.crew.tests.regression.oqs.crew14477.TC181510_181551_181552.TC181508_OQS_RK_TRiM_FO_Add_multiple_FOs_to_OQS_RK_and_verify_in_TRiM(TC181510_181551_181552.java:61)
	at sun.reflect.NativeMethodAccessorImpl.invoke0(Native Method)
	at sun.reflect.NativeMethodAccessorImpl.invoke(NativeMethodAccessorImpl.java:62)
	at sun.reflect.DelegatingMethodAccessorImpl.invoke(DelegatingMethodAccessorImpl.java:43)
	at java.lang.reflect.Method.invoke(Method.java:498)
	at org.testng.internal.MethodInvocationHelper.invokeMethod(MethodInvocationHelper.java:124)
	at org.testng.internal.Invoker.invokeMethod(Invoker.java:583)
	at org.testng.internal.Invoker.invokeTestMethod(Invoker.java:719)
	at org.testng.internal.Invoker.invokeTestMethods(Invoker.java:989)
	at org.testng.internal.TestMethodWorker.invokeTestMethods(TestMethodWorker.java:125)
	at org.testng.internal.TestMethodWorker.run(TestMethodWorker.java:109)
	at java.util.concurrent.ThreadPoolExecutor.runWorker(ThreadPoolExecutor.java:1149)
	at java.util.concurrent.ThreadPoolExecutor$Worker.run(ThreadPoolExecutor.java:624)
	at java.lang.Thread.run(Thread.java:748)
Caused by: java.lang.Throwable
	... 17 more
</pre></div></td>
<td>62</td>
<td>com.swacorp.crew.tests.regression.oqs.crew14477.TC181510_181551_181552@1b41543f</td></tr>
<tr>
<td title='com.swacorp.crew.tests.regression.oqs.crew14477.TC181553_181554.TC181553_OQS_RK_TRiM_FO_End_an_FO_position_and_add_new_FO_position_to_the_CM_to_OQS_RK_and_verify_in_TRiM()'><b>TC181553_OQS_RK_TRiM_FO_End_an_FO_position_and_add_new_FO_position_to_the_CM_to_OQS_RK_and_verify_in_TRiM</b><br>Test class: com.swacorp.crew.tests.regression.oqs.crew14477.TC181553_181554<br>Parameters: [Ljava.lang.String;@22974e99</td>
<td><div><pre>java.lang.AssertionError: CREW employee details not visible on Trim.
	at com.swacorp.crew.utils.ReportUtil.reportLeanFT(ReportUtil.java:46)
	at com.swacorp.crew.pages.trim.homepage.TrimHomePageAM.ValidateSearchResults(TrimHomePageAM.java:135)
	at com.swacorp.crew.tests.regression.oqs.crew14477.Wrappers.Add_Crew_Member_In_OQS_Verify_In_Trim.AddNewPositionInOQSVerifyInTrim(Add_Crew_Member_In_OQS_Verify_In_Trim.java:114)
	at com.swacorp.crew.tests.regression.oqs.crew14477.TC181553_181554.TC181553_OQS_RK_TRiM_FO_End_an_FO_position_and_add_new_FO_position_to_the_CM_to_OQS_RK_and_verify_in_TRiM(TC181553_181554.java:37)
	at java.util.concurrent.ThreadPoolExecutor.runWorker(ThreadPoolExecutor.java:1149)
	at java.util.concurrent.ThreadPoolExecutor$Worker.run(ThreadPoolExecutor.java:624)
	at java.lang.Thread.run(Thread.java:748)
Caused by: java.lang.Throwable
	... 17 more
... Removed 11 stack frames</pre></div><a href='#' onClick='toggleBox("stack-trace1882360342", this, "Click to show all stack frames", "Click to hide stack frames")'>Click to show all stack frames</a>
<div class='stack-trace' id='stack-trace1882360342'><pre>java.lang.AssertionError: CREW employee details not visible on Trim.
	at org.testng.Assert.fail(Assert.java:85)
	at com.swacorp.crew.utils.ReportUtil.reportLeanFT(ReportUtil.java:46)
	at com.swacorp.crew.pages.trim.homepage.TrimHomePageAM.ValidateSearchResults(TrimHomePageAM.java:135)
	at com.swacorp.crew.tests.regression.oqs.crew14477.Wrappers.Add_Crew_Member_In_OQS_Verify_In_Trim.AddNewPositionInOQSVerifyInTrim(Add_Crew_Member_In_OQS_Verify_In_Trim.java:114)
	at com.swacorp.crew.tests.regression.oqs.crew14477.TC181553_181554.TC181553_OQS_RK_TRiM_FO_End_an_FO_position_and_add_new_FO_position_to_the_CM_to_OQS_RK_and_verify_in_TRiM(TC181553_181554.java:37)
	at sun.reflect.NativeMethodAccessorImpl.invoke0(Native Method)
	at sun.reflect.NativeMethodAccessorImpl.invoke(NativeMethodAccessorImpl.java:62)
	at sun.reflect.DelegatingMethodAccessorImpl.invoke(DelegatingMethodAccessorImpl.java:43)
	at java.lang.reflect.Method.invoke(Method.java:498)
	at org.testng.internal.MethodInvocationHelper.invokeMethod(MethodInvocationHelper.java:124)
	at org.testng.internal.Invoker.invokeMethod(Invoker.java:583)
	at org.testng.internal.Invoker.invokeTestMethod(Invoker.java:719)
	at org.testng.internal.Invoker.invokeTestMethods(Invoker.java:989)
	at org.testng.internal.TestMethodWorker.invokeTestMethods(TestMethodWorker.java:125)
	at org.testng.internal.TestMethodWorker.run(TestMethodWorker.java:109)
	at java.util.concurrent.ThreadPoolExecutor.runWorker(ThreadPoolExecutor.java:1149)
	at java.util.concurrent.ThreadPoolExecutor$Worker.run(ThreadPoolExecutor.java:624)
	at java.lang.Thread.run(Thread.java:748)
Caused by: java.lang.Throwable
	... 17 more
</pre></div></td>
<td>63</td>
<td>com.swacorp.crew.tests.regression.oqs.crew14477.TC181553_181554@38c2a1a7</td></tr>
<tr>
<td title='com.swacorp.crew.tests.regression.oqs.crew14477.TC181553_181554.TC181554_CREW_14499_TC10_OQS_RK_TRiM_FO_End_an_FO_position_and_add_new_FO_position_to_the_CM_to_OQS_RK_and_verify_in_TRiM()'><b>TC181554_CREW_14499_TC10_OQS_RK_TRiM_FO_End_an_FO_position_and_add_new_FO_position_to_the_CM_to_OQS_RK_and_verify_in_TRiM</b><br>Test class: com.swacorp.crew.tests.regression.oqs.crew14477.TC181553_181554<br>Parameters: [Ljava.lang.String;@6efbc788</td>
<td><div><pre>java.lang.AssertionError: CREW employee details not visible on Trim.
	at com.swacorp.crew.utils.ReportUtil.reportLeanFT(ReportUtil.java:46)
	at com.swacorp.crew.pages.trim.homepage.TrimHomePageAM.ValidateSearchResults(TrimHomePageAM.java:135)
	at com.swacorp.crew.tests.regression.oqs.crew14477.Wrappers.Add_Crew_Member_In_OQS_Verify_In_Trim.AddNewPositionInOQSVerifyInTrim(Add_Crew_Member_In_OQS_Verify_In_Trim.java:114)
	at com.swacorp.crew.tests.regression.oqs.crew14477.TC181553_181554.TC181554_CREW_14499_TC10_OQS_RK_TRiM_FO_End_an_FO_position_and_add_new_FO_position_to_the_CM_to_OQS_RK_and_verify_in_TRiM(TC181553_181554.java:44)
	at java.util.concurrent.ThreadPoolExecutor.runWorker(ThreadPoolExecutor.java:1149)
	at java.util.concurrent.ThreadPoolExecutor$Worker.run(ThreadPoolExecutor.java:624)
	at java.lang.Thread.run(Thread.java:748)
Caused by: java.lang.Throwable
	... 17 more
... Removed 11 stack frames</pre></div><a href='#' onClick='toggleBox("stack-trace1843211319", this, "Click to show all stack frames", "Click to hide stack frames")'>Click to show all stack frames</a>
<div class='stack-trace' id='stack-trace1843211319'><pre>java.lang.AssertionError: CREW employee details not visible on Trim.
	at org.testng.Assert.fail(Assert.java:85)
	at com.swacorp.crew.utils.ReportUtil.reportLeanFT(ReportUtil.java:46)
	at com.swacorp.crew.pages.trim.homepage.TrimHomePageAM.ValidateSearchResults(TrimHomePageAM.java:135)
	at com.swacorp.crew.tests.regression.oqs.crew14477.Wrappers.Add_Crew_Member_In_OQS_Verify_In_Trim.AddNewPositionInOQSVerifyInTrim(Add_Crew_Member_In_OQS_Verify_In_Trim.java:114)
	at com.swacorp.crew.tests.regression.oqs.crew14477.TC181553_181554.TC181554_CREW_14499_TC10_OQS_RK_TRiM_FO_End_an_FO_position_and_add_new_FO_position_to_the_CM_to_OQS_RK_and_verify_in_TRiM(TC181553_181554.java:44)
	at sun.reflect.NativeMethodAccessorImpl.invoke0(Native Method)
	at sun.reflect.NativeMethodAccessorImpl.invoke(NativeMethodAccessorImpl.java:62)
	at sun.reflect.DelegatingMethodAccessorImpl.invoke(DelegatingMethodAccessorImpl.java:43)
	at java.lang.reflect.Method.invoke(Method.java:498)
	at org.testng.internal.MethodInvocationHelper.invokeMethod(MethodInvocationHelper.java:124)
	at org.testng.internal.Invoker.invokeMethod(Invoker.java:583)
	at org.testng.internal.Invoker.invokeTestMethod(Invoker.java:719)
	at org.testng.internal.Invoker.invokeTestMethods(Invoker.java:989)
	at org.testng.internal.TestMethodWorker.invokeTestMethods(TestMethodWorker.java:125)
	at org.testng.internal.TestMethodWorker.run(TestMethodWorker.java:109)
	at java.util.concurrent.ThreadPoolExecutor.runWorker(ThreadPoolExecutor.java:1149)
	at java.util.concurrent.ThreadPoolExecutor$Worker.run(ThreadPoolExecutor.java:624)
	at java.lang.Thread.run(Thread.java:748)
Caused by: java.lang.Throwable
	... 17 more
</pre></div></td>
<td>74</td>
<td>com.swacorp.crew.tests.regression.oqs.crew14477.TC181553_181554@38c2a1a7</td></tr>
</table><p>
<table width='100%' border='1' class='invocation-passed'>
<tr><td colspan='4' align='center'><b>PASSED TESTS</b></td></tr>
<tr><td><b>Test method</b></td>
<td width="30%"><b>Exception</b></td>
<td width="10%"><b>Time (seconds)</b></td>
<td><b>Instance</b></td>
</tr>
<tr>
<td title='com.swacorp.crew.tests.regression.oqs.crew14477.TC181510_181551_181552.TC181510_OQS_RK_TRiM_Sim_Instructor_Add_a_Sim_Instructor_to_OQS_RK_and_verify_in_TRiM()'><b>TC181510_OQS_RK_TRiM_Sim_Instructor_Add_a_Sim_Instructor_to_OQS_RK_and_verify_in_TRiM</b><br>Test class: com.swacorp.crew.tests.regression.oqs.crew14477.TC181510_181551_181552<br>Parameters: [Ljava.lang.String;@7eac3f64</td>
<td></td>
<td>102</td>
<td>com.swacorp.crew.tests.regression.oqs.crew14477.TC181510_181551_181552@1b41543f</td></tr>
<tr>
<td title='com.swacorp.crew.tests.regression.oqs.crew14477.TC181510_181551_181552.TC181551_OQS_RK_TRiM_FAA_Add_a_FAA_to_OQS_RK_and_verify_in_TRiM()'><b>TC181551_OQS_RK_TRiM_FAA_Add_a_FAA_to_OQS_RK_and_verify_in_TRiM</b><br>Test class: com.swacorp.crew.tests.regression.oqs.crew14477.TC181510_181551_181552<br>Parameters: [Ljava.lang.String;@51acbf13</td>
<td></td>
<td>73</td>
<td>com.swacorp.crew.tests.regression.oqs.crew14477.TC181510_181551_181552@1b41543f</td></tr>
<tr>
<td title='com.swacorp.crew.tests.regression.oqs.crew14477.TC181510_181551_181552.TC181552_OQS_RK_TRiM_APM_Add_a_APM_to_OQS_RK_and_verify_in_TRiM()'><b>TC181552_OQS_RK_TRiM_APM_Add_a_APM_to_OQS_RK_and_verify_in_TRiM</b><br>Test class: com.swacorp.crew.tests.regression.oqs.crew14477.TC181510_181551_181552<br>Parameters: [Ljava.lang.String;@44206cfd</td>
<td></td>
<td>70</td>
<td>com.swacorp.crew.tests.regression.oqs.crew14477.TC181510_181551_181552@1b41543f</td></tr>
</table><p>
</body>
</html>