<?xml version="1.0" encoding="UTF-8"?>
<!-- Generated by org.testng.reporters.JUnitXMLReporter -->
<testsuite hostname="PDCDW10-VM30051" ignored="25" name="Gradle test" tests="1" failures="1" timestamp="29 Jan 2020 15:50:58 GMT" time="56.471" errors="0">
  <testcase name="TC181510_OQS_RK_TRiM_Sim_Instructor_Add_a_Sim_Instructor_to_OQS_RK_and_verify_in_TRiM" time="43.053" classname="com.swacorp.crew.tests.regression.oqs.crew14477.TC181510_181551_181552">
    <failure type="org.openqa.selenium.ElementNotVisibleException" message="element not visible
  (Session info: chrome=79.0.3945.130)
  (Driver info: chromedriver=2.39.562718 (9a2698cba08cf5a471a29d30c8b3e12becabb0e9),platform=Windows NT 10.0.17134 x86_64) (WARNING: The server did not provide any stacktrace information)
Command duration or timeout: 0 milliseconds
Build info: version: &amp;apos;3.6.0&amp;apos;, revision: &amp;apos;6fbf3ec767&amp;apos;, time: &amp;apos;2017-09-27T15:28:36.4Z&amp;apos;
System info: host: &amp;apos;PDCDW10-VM30051&amp;apos;, ip: &amp;apos;10.27.49.104&amp;apos;, os.name: &amp;apos;Windows 10&amp;apos;, os.arch: &amp;apos;amd64&amp;apos;, os.version: &amp;apos;10.0&amp;apos;, java.version: &amp;apos;1.8.0_221&amp;apos;
Driver info: org.openqa.selenium.chrome.ChromeDriver
Capabilities [{mobileEmulationEnabled=false, hasTouchScreen=false, platform=XP, acceptSslCerts=false, acceptInsecureCerts=false, webStorageEnabled=true, browserName=chrome, takesScreenshot=true, javascriptEnabled=true, platformName=XP, setWindowRect=true, unexpectedAlertBehaviour=, applicationCacheEnabled=false, rotatable=false, networkConnectionEnabled=false, chrome={chromedriverVersion=2.39.562718 (9a2698cba08cf5a471a29d30c8b3e12becabb0e9), userDataDir=C:\Users\x257093\AppData\Local\Temp\scoped_dir14628_7309}, takesHeapSnapshot=true, pageLoadStrategy=normal, unhandledPromptBehavior=, databaseEnabled=false, handlesAlerts=true, version=79.0.3945.130, browserConnectionEnabled=false, nativeEvents=true, locationContextEnabled=true, cssSelectorsEnabled=true}]
Session ID: 0337b2189b2558942757bc79bb7b5127">
      <![CDATA[org.openqa.selenium.ElementNotVisibleException: element not visible
  (Session info: chrome=79.0.3945.130)
  (Driver info: chromedriver=2.39.562718 (9a2698cba08cf5a471a29d30c8b3e12becabb0e9),platform=Windows NT 10.0.17134 x86_64) (WARNING: The server did not provide any stacktrace information)
Command duration or timeout: 0 milliseconds
Build info: version: '3.6.0', revision: '6fbf3ec767', time: '2017-09-27T15:28:36.4Z'
System info: host: 'PDCDW10-VM30051', ip: '10.27.49.104', os.name: 'Windows 10', os.arch: 'amd64', os.version: '10.0', java.version: '1.8.0_221'
Driver info: org.openqa.selenium.chrome.ChromeDriver
Capabilities [{mobileEmulationEnabled=false, hasTouchScreen=false, platform=XP, acceptSslCerts=false, acceptInsecureCerts=false, webStorageEnabled=true, browserName=chrome, takesScreenshot=true, javascriptEnabled=true, platformName=XP, setWindowRect=true, unexpectedAlertBehaviour=, applicationCacheEnabled=false, rotatable=false, networkConnectionEnabled=false, chrome={chromedriverVersion=2.39.562718 (9a2698cba08cf5a471a29d30c8b3e12becabb0e9), userDataDir=C:\Users\x257093\AppData\Local\Temp\scoped_dir14628_7309}, takesHeapSnapshot=true, pageLoadStrategy=normal, unhandledPromptBehavior=, databaseEnabled=false, handlesAlerts=true, version=79.0.3945.130, browserConnectionEnabled=false, nativeEvents=true, locationContextEnabled=true, cssSelectorsEnabled=true}]
Session ID: 0337b2189b2558942757bc79bb7b5127
at org.openqa.selenium.remote.ErrorHandler.createThrowable(ErrorHandler.java:214)
at org.openqa.selenium.remote.ErrorHandler.throwIfResponseFailed(ErrorHandler.java:166)
at org.openqa.selenium.remote.http.JsonHttpResponseCodec.reconstructValue(JsonHttpResponseCodec.java:40)
at org.openqa.selenium.remote.http.AbstractHttpResponseCodec.decode(AbstractHttpResponseCodec.java:82)
at org.openqa.selenium.remote.http.AbstractHttpResponseCodec.decode(AbstractHttpResponseCodec.java:45)
at org.openqa.selenium.remote.HttpCommandExecutor.execute(HttpCommandExecutor.java:164)
at org.openqa.selenium.remote.service.DriverCommandExecutor.execute(DriverCommandExecutor.java:83)
at org.openqa.selenium.remote.RemoteWebDriver.execute(RemoteWebDriver.java:586)
at org.openqa.selenium.remote.RemoteWebElement.execute(RemoteWebElement.java:279)
at org.openqa.selenium.remote.RemoteWebElement.click(RemoteWebElement.java:83)
at com.swacorp.crew.pages.common.BasePage.buttonClick(BasePage.java:83)
at com.swacorp.crew.pages.oqs.homepage.HomePage.searchCrew(HomePage.java:169)
at com.swacorp.crew.pages.oqs.homepage.HomePage.addCrewMember(HomePage.java:282)
at com.swacorp.crew.tests.regression.oqs.crew14477.Wrappers.Add_Crew_Member_In_OQS_Verify_In_Trim.WrapperMethod(Add_Crew_Member_In_OQS_Verify_In_Trim.java:37)
at com.swacorp.crew.tests.regression.oqs.crew14477.TC181510_181551_181552.TC181510_OQS_RK_TRiM_Sim_Instructor_Add_a_Sim_Instructor_to_OQS_RK_and_verify_in_TRiM(TC181510_181551_181552.java:37)
at java.util.concurrent.ThreadPoolExecutor.runWorker(ThreadPoolExecutor.java:1149)
at java.util.concurrent.ThreadPoolExecutor$Worker.run(ThreadPoolExecutor.java:624)
at java.lang.Thread.run(Thread.java:748)
... Removed 14 stack frames]]>
    </failure>
  </testcase> <!-- TC181510_OQS_RK_TRiM_Sim_Instructor_Add_a_Sim_Instructor_to_OQS_RK_and_verify_in_TRiM -->
  <testcase name="@AfterSuite AfterSuite" time="0.0" classname="com.swacorp.crew.utils.TestManager">
    <ignored/>
  </testcase> <!-- @AfterSuite AfterSuite -->
  <testcase name="@AfterSuite AfterSuite" time="0.0" classname="com.swacorp.crew.utils.TestManager">
    <ignored/>
  </testcase> <!-- @AfterSuite AfterSuite -->
  <testcase name="@AfterSuite AfterSuite" time="0.0" classname="com.swacorp.crew.utils.TestManager">
    <ignored/>
  </testcase> <!-- @AfterSuite AfterSuite -->
  <testcase name="@AfterSuite AfterSuite" time="0.0" classname="com.swacorp.crew.utils.TestManager">
    <ignored/>
  </testcase> <!-- @AfterSuite AfterSuite -->
  <testcase name="@AfterSuite AfterSuite" time="0.0" classname="com.swacorp.crew.utils.TestManager">
    <ignored/>
  </testcase> <!-- @AfterSuite AfterSuite -->
  <testcase name="@AfterSuite AfterSuite" time="0.0" classname="com.swacorp.crew.utils.TestManager">
    <ignored/>
  </testcase> <!-- @AfterSuite AfterSuite -->
  <testcase name="@AfterSuite AfterSuite" time="0.0" classname="com.swacorp.crew.utils.TestManager">
    <ignored/>
  </testcase> <!-- @AfterSuite AfterSuite -->
  <testcase name="TC181508_OQS_RK_TRiM_FO_Add_multiple_FOs_to_OQS_RK_and_verify_in_TRiM" time="0.0" classname="com.swacorp.crew.tests.regression.oqs.crew14477.TC181510_181551_181552">
    <ignored/>
  </testcase> <!-- TC181508_OQS_RK_TRiM_FO_Add_multiple_FOs_to_OQS_RK_and_verify_in_TRiM -->
  <testcase name="TC181553_OQS_RK_TRiM_FO_End_an_FO_position_and_add_new_FO_position_to_the_CM_to_OQS_RK_and_verify_in_TRiM" time="0.0" classname="com.swacorp.crew.tests.regression.oqs.crew14477.TC181553_181554">
    <ignored/>
  </testcase> <!-- TC181553_OQS_RK_TRiM_FO_End_an_FO_position_and_add_new_FO_position_to_the_CM_to_OQS_RK_and_verify_in_TRiM -->
  <testcase name="TC181552_OQS_RK_TRiM_APM_Add_a_APM_to_OQS_RK_and_verify_in_TRiM" time="0.0" classname="com.swacorp.crew.tests.regression.oqs.crew14477.TC181510_181551_181552">
    <ignored/>
  </testcase> <!-- TC181552_OQS_RK_TRiM_APM_Add_a_APM_to_OQS_RK_and_verify_in_TRiM -->
  <testcase name="TC181507_OQS_RK_TRiM_Attempt_to_add_an_existing_CA_to_OQS_RK_and_verify_in_TRiM" time="0.0" classname="com.swacorp.crew.tests.regression.oqs.crew14477.TC181507">
    <ignored/>
  </testcase> <!-- TC181507_OQS_RK_TRiM_Attempt_to_add_an_existing_CA_to_OQS_RK_and_verify_in_TRiM -->
  <testcase name="TC_01_RestAssuredServiceCallDemo_01" time="0.0" classname="com.swacorp.crew.tests.regression.oqs.crew14477.TC_01_RestAssuredServiceCallDemo">
    <ignored/>
  </testcase> <!-- TC_01_RestAssuredServiceCallDemo_01 -->
  <testcase name="TC181554_CREW_14499_TC10_OQS_RK_TRiM_FO_End_an_FO_position_and_add_new_FO_position_to_the_CM_to_OQS_RK_and_verify_in_TRiM" time="0.0" classname="com.swacorp.crew.tests.regression.oqs.crew14477.TC181553_181554">
    <ignored/>
  </testcase> <!-- TC181554_CREW_14499_TC10_OQS_RK_TRiM_FO_End_an_FO_position_and_add_new_FO_position_to_the_CM_to_OQS_RK_and_verify_in_TRiM -->
  <testcase name="TC181391_OQS_RK_TRiM_Sim_Instructor_Add_a_Sim_Instructor_to_OQS_RK_and_verify_in_TRiM" time="0.0" classname="com.swacorp.crew.tests.regression.oqs.crew14477.TC181391">
    <ignored/>
  </testcase> <!-- TC181391_OQS_RK_TRiM_Sim_Instructor_Add_a_Sim_Instructor_to_OQS_RK_and_verify_in_TRiM -->
  <testcase name="create_CrewMember_InOQS_Verify_InTRiM_181164" time="0.0" classname="com.swacorp.crew.tests.regression.oqs.Create_CrewMember_InOQS_Verify_InTRiM_181164">
    <ignored/>
  </testcase> <!-- create_CrewMember_InOQS_Verify_InTRiM_181164 -->
  <testcase name="TC181359_OQS_RK_TRiM_FO_Add_a_FO_to_OQS_RK_and_verify_in_TRiM" time="0.0" classname="com.swacorp.crew.tests.regression.oqs.crew14477.TC181510_181551_181552">
    <ignored/>
  </testcase> <!-- TC181359_OQS_RK_TRiM_FO_Add_a_FO_to_OQS_RK_and_verify_in_TRiM -->
  <testcase name="TC181551_OQS_RK_TRiM_FAA_Add_a_FAA_to_OQS_RK_and_verify_in_TRiM" time="0.0" classname="com.swacorp.crew.tests.regression.oqs.crew14477.TC181510_181551_181552">
    <ignored/>
  </testcase> <!-- TC181551_OQS_RK_TRiM_FAA_Add_a_FAA_to_OQS_RK_and_verify_in_TRiM -->
  <testcase name="@BeforeSuite initializeDataProperty" time="0.0" classname="com.swacorp.crew.utils.TestManager">
    <ignored/>
  </testcase> <!-- @BeforeSuite initializeDataProperty -->
  <testcase name="@BeforeSuite initializeDataProperty" time="0.0" classname="com.swacorp.crew.utils.TestManager">
    <ignored/>
  </testcase> <!-- @BeforeSuite initializeDataProperty -->
  <testcase name="@BeforeSuite initializeDataProperty" time="0.0" classname="com.swacorp.crew.utils.TestManager">
    <ignored/>
  </testcase> <!-- @BeforeSuite initializeDataProperty -->
  <testcase name="@BeforeSuite initializeDataProperty" time="0.0" classname="com.swacorp.crew.utils.TestManager">
    <ignored/>
  </testcase> <!-- @BeforeSuite initializeDataProperty -->
  <testcase name="@BeforeSuite initializeDataProperty" time="0.0" classname="com.swacorp.crew.utils.TestManager">
    <ignored/>
  </testcase> <!-- @BeforeSuite initializeDataProperty -->
  <testcase name="@BeforeSuite initializeDataProperty" time="0.0" classname="com.swacorp.crew.utils.TestManager">
    <ignored/>
  </testcase> <!-- @BeforeSuite initializeDataProperty -->
  <testcase name="@BeforeSuite initializeDataProperty" time="0.0" classname="com.swacorp.crew.utils.TestManager">
    <ignored/>
  </testcase> <!-- @BeforeSuite initializeDataProperty -->
  <testcase name="create_CrewMember_InOQS_Verify_InTRiM_181166" time="0.0" classname="com.swacorp.crew.tests.regression.oqs.Create_CrewMember_InOQS_Verify_InTRiM_181166">
    <ignored/>
  </testcase> <!-- create_CrewMember_InOQS_Verify_InTRiM_181166 -->
</testsuite> <!-- Gradle test -->
