<?xml version="1.0" encoding="UTF-8"?>
<!-- Generated by org.testng.reporters.JUnitReportReporter -->
<testsuite skipped="0" hostname="PDCDW10-VM30051" name="com.swacorp.crew.tests.regression.oqs.crew14477.TC181507" tests="1" failures="0" timestamp="22 Jan 2020 01:52:54 GMT" time="0.000" errors="1">
  <testcase name="TC181507_OQS_RK_TRiM_Attempt_to_add_an_existing_CA_to_OQS_RK_and_verify_in_TRiM" time="0.000" classname="com.swacorp.crew.tests.regression.oqs.crew14477.TC181507">
    <error type="org.testng.TestNGException" message="
Method public void com.swacorp.crew.tests.regression.oqs.crew14477.TC181507.TC181507_OQS_RK_TRiM_Attempt_to_add_an_existing_CA_to_OQS_RK_and_verify_in_TRiM(java.lang.String[]) throws java.lang.Exception requires a @DataProvider named : TC181391 in class com.swacorp.crew.dataprovider.TestDataProvider">
      <![CDATA[org.testng.TestNGException: 
Method public void com.swacorp.crew.tests.regression.oqs.crew14477.TC181507.TC181507_OQS_RK_TRiM_Attempt_to_add_an_existing_CA_to_OQS_RK_and_verify_in_TRiM(java.lang.String[]) throws java.lang.Exception requires a @DataProvider named : TC181391 in class com.swacorp.crew.dataprovider.TestDataProvider
at org.testng.internal.Parameters.findDataProvider(Parameters.java:513)
at org.testng.internal.Parameters.handleParameters(Parameters.java:691)
at org.testng.internal.ParameterHandler.handleParameters(ParameterHandler.java:49)
at org.testng.internal.ParameterHandler.createParameters(ParameterHandler.java:37)
at org.testng.internal.Invoker.invokeTestMethods(Invoker.java:924)
at org.testng.internal.TestMethodWorker.invokeTestMethods(TestMethodWorker.java:125)
at org.testng.internal.TestMethodWorker.run(TestMethodWorker.java:109)
at java.util.concurrent.ThreadPoolExecutor.runWorker(ThreadPoolExecutor.java:1149)
at java.util.concurrent.ThreadPoolExecutor$Worker.run(ThreadPoolExecutor.java:624)
at java.lang.Thread.run(Thread.java:748)
]]>
    </error>
  </testcase> <!-- TC181507_OQS_RK_TRiM_Attempt_to_add_an_existing_CA_to_OQS_RK_and_verify_in_TRiM -->
</testsuite> <!-- com.swacorp.crew.tests.regression.oqs.crew14477.TC181507 -->
