<?xml version="1.0" encoding="UTF-8"?>
<!-- Generated by org.testng.reporters.JUnitReportReporter -->
<testsuite skipped="0" hostname="PDCDW10-VM30051" name="com.swacorp.crew.tests.regression.oqs.crew14477.TC181510_181551_181552" tests="7" failures="4" timestamp="22 Jan 2020 01:52:54 GMT" time="548.422" errors="0">
  <testcase name="TC181510_OQS_RK_TRiM_Sim_Instructor_Add_a_Sim_Instructor_to_OQS_RK_and_verify_in_TRiM" time="107.304" classname="com.swacorp.crew.tests.regression.oqs.crew14477.TC181510_181551_181552"/>
  <testcase name="TC181551_OQS_RK_TRiM_FAA_Add_a_FAA_to_OQS_RK_and_verify_in_TRiM" time="80.224" classname="com.swacorp.crew.tests.regression.oqs.crew14477.TC181510_181551_181552"/>
  <testcase name="TC181552_OQS_RK_TRiM_APM_Add_a_APM_to_OQS_RK_and_verify_in_TRiM" time="80.074" classname="com.swacorp.crew.tests.regression.oqs.crew14477.TC181510_181551_181552"/>
  <testcase name="TC181359_OQS_RK_TRiM_FO_Add_a_FO_to_OQS_RK_and_verify_in_TRiM" time="68.737" classname="com.swacorp.crew.tests.regression.oqs.crew14477.TC181510_181551_181552">
    <failure type="java.lang.AssertionError" message="CREW employee details not visible on Trim.">
      <![CDATA[java.lang.AssertionError: CREW employee details not visible on Trim.
at org.testng.Assert.fail(Assert.java:85)
at com.swacorp.crew.utils.ReportUtil.reportLeanFT(ReportUtil.java:46)
at com.swacorp.crew.pages.trim.homepage.TrimHomePageAM.ValidateSearchResults(TrimHomePageAM.java:135)
at com.swacorp.crew.tests.regression.oqs.crew14477.Wrappers.Add_Crew_Member_In_OQS_Verify_In_Trim.WrapperMethod(Add_Crew_Member_In_OQS_Verify_In_Trim.java:55)
at com.swacorp.crew.tests.regression.oqs.crew14477.TC181510_181551_181552.TC181359_OQS_RK_TRiM_FO_Add_a_FO_to_OQS_RK_and_verify_in_TRiM(TC181510_181551_181552.java:55)
at sun.reflect.NativeMethodAccessorImpl.invoke0(Native Method)
at sun.reflect.NativeMethodAccessorImpl.invoke(NativeMethodAccessorImpl.java:62)
at sun.reflect.DelegatingMethodAccessorImpl.invoke(DelegatingMethodAccessorImpl.java:43)
at java.lang.reflect.Method.invoke(Method.java:498)
at org.testng.internal.MethodInvocationHelper.invokeMethod(MethodInvocationHelper.java:124)
at org.testng.internal.Invoker.invokeMethod(Invoker.java:583)
at org.testng.internal.Invoker.invokeTestMethod(Invoker.java:719)
at org.testng.internal.Invoker.invokeTestMethods(Invoker.java:989)
at org.testng.internal.TestMethodWorker.invokeTestMethods(TestMethodWorker.java:125)
at org.testng.internal.TestMethodWorker.run(TestMethodWorker.java:109)
at java.util.concurrent.ThreadPoolExecutor.runWorker(ThreadPoolExecutor.java:1149)
at java.util.concurrent.ThreadPoolExecutor$Worker.run(ThreadPoolExecutor.java:624)
at java.lang.Thread.run(Thread.java:748)
Caused by: java.lang.Throwable
... 17 more
]]>
    </failure>
  </testcase> <!-- TC181359_OQS_RK_TRiM_FO_Add_a_FO_to_OQS_RK_and_verify_in_TRiM -->
  <testcase name="TC181508_OQS_RK_TRiM_FO_Add_multiple_FOs_to_OQS_RK_and_verify_in_TRiM" time="63.857" classname="com.swacorp.crew.tests.regression.oqs.crew14477.TC181510_181551_181552">
    <failure type="java.lang.AssertionError" message="CREW employee details not visible on Trim.">
      <![CDATA[java.lang.AssertionError: CREW employee details not visible on Trim.
at org.testng.Assert.fail(Assert.java:85)
at com.swacorp.crew.utils.ReportUtil.reportLeanFT(ReportUtil.java:46)
at com.swacorp.crew.pages.trim.homepage.TrimHomePageAM.ValidateSearchResults(TrimHomePageAM.java:135)
at com.swacorp.crew.tests.regression.oqs.crew14477.Wrappers.Add_Crew_Member_In_OQS_Verify_In_Trim.WrapperMethod(Add_Crew_Member_In_OQS_Verify_In_Trim.java:55)
at com.swacorp.crew.tests.regression.oqs.crew14477.TC181510_181551_181552.TC181508_OQS_RK_TRiM_FO_Add_multiple_FOs_to_OQS_RK_and_verify_in_TRiM(TC181510_181551_181552.java:61)
at sun.reflect.NativeMethodAccessorImpl.invoke0(Native Method)
at sun.reflect.NativeMethodAccessorImpl.invoke(NativeMethodAccessorImpl.java:62)
at sun.reflect.DelegatingMethodAccessorImpl.invoke(DelegatingMethodAccessorImpl.java:43)
at java.lang.reflect.Method.invoke(Method.java:498)
at org.testng.internal.MethodInvocationHelper.invokeMethod(MethodInvocationHelper.java:124)
at org.testng.internal.Invoker.invokeMethod(Invoker.java:583)
at org.testng.internal.Invoker.invokeTestMethod(Invoker.java:719)
at org.testng.internal.Invoker.invokeTestMethods(Invoker.java:989)
at org.testng.internal.TestMethodWorker.invokeTestMethods(TestMethodWorker.java:125)
at org.testng.internal.TestMethodWorker.run(TestMethodWorker.java:109)
at java.util.concurrent.ThreadPoolExecutor.runWorker(ThreadPoolExecutor.java:1149)
at java.util.concurrent.ThreadPoolExecutor$Worker.run(ThreadPoolExecutor.java:624)
at java.lang.Thread.run(Thread.java:748)
Caused by: java.lang.Throwable
... 17 more
]]>
    </failure>
  </testcase> <!-- TC181508_OQS_RK_TRiM_FO_Add_multiple_FOs_to_OQS_RK_and_verify_in_TRiM -->
  <testcase name="TC181508_OQS_RK_TRiM_FO_Add_multiple_FOs_to_OQS_RK_and_verify_in_TRiM" time="79.755" classname="com.swacorp.crew.tests.regression.oqs.crew14477.TC181510_181551_181552">
    <failure type="java.lang.AssertionError" message="CREW employee details not visible on Trim.">
      <![CDATA[java.lang.AssertionError: CREW employee details not visible on Trim.
at org.testng.Assert.fail(Assert.java:85)
at com.swacorp.crew.utils.ReportUtil.reportLeanFT(ReportUtil.java:46)
at com.swacorp.crew.pages.trim.homepage.TrimHomePageAM.ValidateSearchResults(TrimHomePageAM.java:135)
at com.swacorp.crew.tests.regression.oqs.crew14477.Wrappers.Add_Crew_Member_In_OQS_Verify_In_Trim.WrapperMethod(Add_Crew_Member_In_OQS_Verify_In_Trim.java:55)
at com.swacorp.crew.tests.regression.oqs.crew14477.TC181510_181551_181552.TC181508_OQS_RK_TRiM_FO_Add_multiple_FOs_to_OQS_RK_and_verify_in_TRiM(TC181510_181551_181552.java:61)
at sun.reflect.NativeMethodAccessorImpl.invoke0(Native Method)
at sun.reflect.NativeMethodAccessorImpl.invoke(NativeMethodAccessorImpl.java:62)
at sun.reflect.DelegatingMethodAccessorImpl.invoke(DelegatingMethodAccessorImpl.java:43)
at java.lang.reflect.Method.invoke(Method.java:498)
at org.testng.internal.MethodInvocationHelper.invokeMethod(MethodInvocationHelper.java:124)
at org.testng.internal.Invoker.invokeMethod(Invoker.java:583)
at org.testng.internal.Invoker.invokeTestMethod(Invoker.java:719)
at org.testng.internal.Invoker.invokeTestMethods(Invoker.java:989)
at org.testng.internal.TestMethodWorker.invokeTestMethods(TestMethodWorker.java:125)
at org.testng.internal.TestMethodWorker.run(TestMethodWorker.java:109)
at java.util.concurrent.ThreadPoolExecutor.runWorker(ThreadPoolExecutor.java:1149)
at java.util.concurrent.ThreadPoolExecutor$Worker.run(ThreadPoolExecutor.java:624)
at java.lang.Thread.run(Thread.java:748)
Caused by: java.lang.Throwable
... 17 more
]]>
    </failure>
  </testcase> <!-- TC181508_OQS_RK_TRiM_FO_Add_multiple_FOs_to_OQS_RK_and_verify_in_TRiM -->
  <testcase name="TC181508_OQS_RK_TRiM_FO_Add_multiple_FOs_to_OQS_RK_and_verify_in_TRiM" time="68.471" classname="com.swacorp.crew.tests.regression.oqs.crew14477.TC181510_181551_181552">
    <failure type="java.lang.AssertionError" message="CREW employee details not visible on Trim.">
      <![CDATA[java.lang.AssertionError: CREW employee details not visible on Trim.
at org.testng.Assert.fail(Assert.java:85)
at com.swacorp.crew.utils.ReportUtil.reportLeanFT(ReportUtil.java:46)
at com.swacorp.crew.pages.trim.homepage.TrimHomePageAM.ValidateSearchResults(TrimHomePageAM.java:135)
at com.swacorp.crew.tests.regression.oqs.crew14477.Wrappers.Add_Crew_Member_In_OQS_Verify_In_Trim.WrapperMethod(Add_Crew_Member_In_OQS_Verify_In_Trim.java:55)
at com.swacorp.crew.tests.regression.oqs.crew14477.TC181510_181551_181552.TC181508_OQS_RK_TRiM_FO_Add_multiple_FOs_to_OQS_RK_and_verify_in_TRiM(TC181510_181551_181552.java:61)
at sun.reflect.NativeMethodAccessorImpl.invoke0(Native Method)
at sun.reflect.NativeMethodAccessorImpl.invoke(NativeMethodAccessorImpl.java:62)
at sun.reflect.DelegatingMethodAccessorImpl.invoke(DelegatingMethodAccessorImpl.java:43)
at java.lang.reflect.Method.invoke(Method.java:498)
at org.testng.internal.MethodInvocationHelper.invokeMethod(MethodInvocationHelper.java:124)
at org.testng.internal.Invoker.invokeMethod(Invoker.java:583)
at org.testng.internal.Invoker.invokeTestMethod(Invoker.java:719)
at org.testng.internal.Invoker.invokeTestMethods(Invoker.java:989)
at org.testng.internal.TestMethodWorker.invokeTestMethods(TestMethodWorker.java:125)
at org.testng.internal.TestMethodWorker.run(TestMethodWorker.java:109)
at java.util.concurrent.ThreadPoolExecutor.runWorker(ThreadPoolExecutor.java:1149)
at java.util.concurrent.ThreadPoolExecutor$Worker.run(ThreadPoolExecutor.java:624)
at java.lang.Thread.run(Thread.java:748)
Caused by: java.lang.Throwable
... 17 more
]]>
    </failure>
  </testcase> <!-- TC181508_OQS_RK_TRiM_FO_Add_multiple_FOs_to_OQS_RK_and_verify_in_TRiM -->
</testsuite> <!-- com.swacorp.crew.tests.regression.oqs.crew14477.TC181510_181551_181552 -->
