<?xml version="1.0" encoding="UTF-8"?>
<testng-results skipped="0" failed="1" ignored="25" total="26" passed="0">
  <reporter-output>
  </reporter-output>
  <suite name="Gradle suite" duration-ms="56471" started-at="2020-01-29T15:50:01Z" finished-at="2020-01-29T15:50:58Z">
    <groups>
      <group name="181510">
        <method signature="TC181510_181551_181552.TC181510_OQS_RK_TRiM_Sim_Instructor_Add_a_Sim_Instructor_to_OQS_RK_and_verify_in_TRiM([Ljava.lang.String;)[pri:1, instance:com.swacorp.crew.tests.regression.oqs.crew14477.TC181510_181551_181552@3e4958ef]" name="TC181510_OQS_RK_TRiM_Sim_Instructor_Add_a_Sim_Instructor_to_OQS_RK_and_verify_in_TRiM" class="com.swacorp.crew.tests.regression.oqs.crew14477.TC181510_181551_181552"/>
      </group> <!-- 181510 -->
      <group name="regression">
        <method signature="TC181510_181551_181552.TC181510_OQS_RK_TRiM_Sim_Instructor_Add_a_Sim_Instructor_to_OQS_RK_and_verify_in_TRiM([Ljava.lang.String;)[pri:1, instance:com.swacorp.crew.tests.regression.oqs.crew14477.TC181510_181551_181552@3e4958ef]" name="TC181510_OQS_RK_TRiM_Sim_Instructor_Add_a_Sim_Instructor_to_OQS_RK_and_verify_in_TRiM" class="com.swacorp.crew.tests.regression.oqs.crew14477.TC181510_181551_181552"/>
      </group> <!-- regression -->
      <group name="14477">
        <method signature="TC181510_181551_181552.TC181510_OQS_RK_TRiM_Sim_Instructor_Add_a_Sim_Instructor_to_OQS_RK_and_verify_in_TRiM([Ljava.lang.String;)[pri:1, instance:com.swacorp.crew.tests.regression.oqs.crew14477.TC181510_181551_181552@3e4958ef]" name="TC181510_OQS_RK_TRiM_Sim_Instructor_Add_a_Sim_Instructor_to_OQS_RK_and_verify_in_TRiM" class="com.swacorp.crew.tests.regression.oqs.crew14477.TC181510_181551_181552"/>
      </group> <!-- 14477 -->
    </groups>
    <test name="Gradle test" duration-ms="56471" started-at="2020-01-29T15:50:01Z" finished-at="2020-01-29T15:50:58Z">
      <class name="com.swacorp.crew.tests.regression.oqs.Create_CrewMember_InOQS_Verify_InTRiM_181164">
        <test-method status="PASS" signature="initializeDataProperty()[pri:0, instance:com.swacorp.crew.tests.regression.oqs.Create_CrewMember_InOQS_Verify_InTRiM_181164@47dc388d]" name="initializeDataProperty" is-config="true" duration-ms="10032" started-at="2020-01-29T15:49:51Z" finished-at="2020-01-29T15:50:01Z">
          <reporter-output>
          </reporter-output>
        </test-method> <!-- initializeDataProperty -->
        <test-method status="PASS" signature="AfterSuite()[pri:0, instance:com.swacorp.crew.tests.regression.oqs.Create_CrewMember_InOQS_Verify_InTRiM_181164@47dc388d]" name="AfterSuite" is-config="true" duration-ms="5111" started-at="2020-01-29T15:50:58Z" finished-at="2020-01-29T15:51:03Z">
          <reporter-output>
          </reporter-output>
        </test-method> <!-- AfterSuite -->
      </class> <!-- com.swacorp.crew.tests.regression.oqs.Create_CrewMember_InOQS_Verify_InTRiM_181164 -->
      <class name="com.swacorp.crew.tests.regression.oqs.crew14477.TC181510_181551_181552">
        <test-method status="PASS" signature="initTest()[pri:0, instance:com.swacorp.crew.tests.regression.oqs.crew14477.TC181510_181551_181552@3e4958ef]" name="initTest" is-config="true" duration-ms="6479" started-at="2020-01-29T15:50:01Z" finished-at="2020-01-29T15:50:08Z">
          <reporter-output>
          </reporter-output>
        </test-method> <!-- initTest -->
        <test-method status="FAIL" signature="TC181510_OQS_RK_TRiM_Sim_Instructor_Add_a_Sim_Instructor_to_OQS_RK_and_verify_in_TRiM([Ljava.lang.String;)[pri:1, instance:com.swacorp.crew.tests.regression.oqs.crew14477.TC181510_181551_181552@3e4958ef]" name="TC181510_OQS_RK_TRiM_Sim_Instructor_Add_a_Sim_Instructor_to_OQS_RK_and_verify_in_TRiM" duration-ms="43053" started-at="2020-01-29T15:50:08Z" data-provider="TC181510_CREW_14499_TC07" finished-at="2020-01-29T15:50:51Z">
          <params>
            <param index="0">
              <value>
                <![CDATA[[Ljava.lang.String;@fb06c80]]>
              </value>
            </param>
          </params>
          <exception class="org.openqa.selenium.ElementNotVisibleException">
            <message>
              <![CDATA[element not visible
  (Session info: chrome=79.0.3945.130)
  (Driver info: chromedriver=2.39.562718 (9a2698cba08cf5a471a29d30c8b3e12becabb0e9),platform=Windows NT 10.0.17134 x86_64) (WARNING: The server did not provide any stacktrace information)
Command duration or timeout: 0 milliseconds
Build info: version: '3.6.0', revision: '6fbf3ec767', time: '2017-09-27T15:28:36.4Z'
System info: host: 'PDCDW10-VM30051', ip: '10.27.49.104', os.name: 'Windows 10', os.arch: 'amd64', os.version: '10.0', java.version: '1.8.0_221'
Driver info: org.openqa.selenium.chrome.ChromeDriver
Capabilities [{mobileEmulationEnabled=false, hasTouchScreen=false, platform=XP, acceptSslCerts=false, acceptInsecureCerts=false, webStorageEnabled=true, browserName=chrome, takesScreenshot=true, javascriptEnabled=true, platformName=XP, setWindowRect=true, unexpectedAlertBehaviour=, applicationCacheEnabled=false, rotatable=false, networkConnectionEnabled=false, chrome={chromedriverVersion=2.39.562718 (9a2698cba08cf5a471a29d30c8b3e12becabb0e9), userDataDir=C:\Users\x257093\AppData\Local\Temp\scoped_dir14628_7309}, takesHeapSnapshot=true, pageLoadStrategy=normal, unhandledPromptBehavior=, databaseEnabled=false, handlesAlerts=true, version=79.0.3945.130, browserConnectionEnabled=false, nativeEvents=true, locationContextEnabled=true, cssSelectorsEnabled=true}]
Session ID: 0337b2189b2558942757bc79bb7b5127]]>
            </message>
            <full-stacktrace>
              <![CDATA[org.openqa.selenium.ElementNotVisibleException: element not visible
  (Session info: chrome=79.0.3945.130)
  (Driver info: chromedriver=2.39.562718 (9a2698cba08cf5a471a29d30c8b3e12becabb0e9),platform=Windows NT 10.0.17134 x86_64) (WARNING: The server did not provide any stacktrace information)
Command duration or timeout: 0 milliseconds
Build info: version: '3.6.0', revision: '6fbf3ec767', time: '2017-09-27T15:28:36.4Z'
System info: host: 'PDCDW10-VM30051', ip: '10.27.49.104', os.name: 'Windows 10', os.arch: 'amd64', os.version: '10.0', java.version: '1.8.0_221'
Driver info: org.openqa.selenium.chrome.ChromeDriver
Capabilities [{mobileEmulationEnabled=false, hasTouchScreen=false, platform=XP, acceptSslCerts=false, acceptInsecureCerts=false, webStorageEnabled=true, browserName=chrome, takesScreenshot=true, javascriptEnabled=true, platformName=XP, setWindowRect=true, unexpectedAlertBehaviour=, applicationCacheEnabled=false, rotatable=false, networkConnectionEnabled=false, chrome={chromedriverVersion=2.39.562718 (9a2698cba08cf5a471a29d30c8b3e12becabb0e9), userDataDir=C:\Users\x257093\AppData\Local\Temp\scoped_dir14628_7309}, takesHeapSnapshot=true, pageLoadStrategy=normal, unhandledPromptBehavior=, databaseEnabled=false, handlesAlerts=true, version=79.0.3945.130, browserConnectionEnabled=false, nativeEvents=true, locationContextEnabled=true, cssSelectorsEnabled=true}]
Session ID: 0337b2189b2558942757bc79bb7b5127
at sun.reflect.NativeConstructorAccessorImpl.newInstance0(Native Method)
at sun.reflect.NativeConstructorAccessorImpl.newInstance(NativeConstructorAccessorImpl.java:62)
at sun.reflect.DelegatingConstructorAccessorImpl.newInstance(DelegatingConstructorAccessorImpl.java:45)
at java.lang.reflect.Constructor.newInstance(Constructor.java:423)
at org.openqa.selenium.remote.ErrorHandler.createThrowable(ErrorHandler.java:214)
at org.openqa.selenium.remote.ErrorHandler.throwIfResponseFailed(ErrorHandler.java:166)
at org.openqa.selenium.remote.http.JsonHttpResponseCodec.reconstructValue(JsonHttpResponseCodec.java:40)
at org.openqa.selenium.remote.http.AbstractHttpResponseCodec.decode(AbstractHttpResponseCodec.java:82)
at org.openqa.selenium.remote.http.AbstractHttpResponseCodec.decode(AbstractHttpResponseCodec.java:45)
at org.openqa.selenium.remote.HttpCommandExecutor.execute(HttpCommandExecutor.java:164)
at org.openqa.selenium.remote.service.DriverCommandExecutor.execute(DriverCommandExecutor.java:83)
at org.openqa.selenium.remote.RemoteWebDriver.execute(RemoteWebDriver.java:586)
at org.openqa.selenium.remote.RemoteWebElement.execute(RemoteWebElement.java:279)
at org.openqa.selenium.remote.RemoteWebElement.click(RemoteWebElement.java:83)
at com.swacorp.crew.pages.common.BasePage.buttonClick(BasePage.java:83)
at com.swacorp.crew.pages.oqs.homepage.HomePage.searchCrew(HomePage.java:169)
at com.swacorp.crew.pages.oqs.homepage.HomePage.addCrewMember(HomePage.java:282)
at com.swacorp.crew.tests.regression.oqs.crew14477.Wrappers.Add_Crew_Member_In_OQS_Verify_In_Trim.WrapperMethod(Add_Crew_Member_In_OQS_Verify_In_Trim.java:37)
at com.swacorp.crew.tests.regression.oqs.crew14477.TC181510_181551_181552.TC181510_OQS_RK_TRiM_Sim_Instructor_Add_a_Sim_Instructor_to_OQS_RK_and_verify_in_TRiM(TC181510_181551_181552.java:37)
at sun.reflect.NativeMethodAccessorImpl.invoke0(Native Method)
at sun.reflect.NativeMethodAccessorImpl.invoke(NativeMethodAccessorImpl.java:62)
at sun.reflect.DelegatingMethodAccessorImpl.invoke(DelegatingMethodAccessorImpl.java:43)
at java.lang.reflect.Method.invoke(Method.java:498)
at org.testng.internal.MethodInvocationHelper.invokeMethod(MethodInvocationHelper.java:124)
at org.testng.internal.Invoker.invokeMethod(Invoker.java:583)
at org.testng.internal.Invoker.invokeTestMethod(Invoker.java:719)
at org.testng.internal.Invoker.invokeTestMethods(Invoker.java:989)
at org.testng.internal.TestMethodWorker.invokeTestMethods(TestMethodWorker.java:125)
at org.testng.internal.TestMethodWorker.run(TestMethodWorker.java:109)
at java.util.concurrent.ThreadPoolExecutor.runWorker(ThreadPoolExecutor.java:1149)
at java.util.concurrent.ThreadPoolExecutor$Worker.run(ThreadPoolExecutor.java:624)
at java.lang.Thread.run(Thread.java:748)
]]>
            </full-stacktrace>
          </exception> <!-- org.openqa.selenium.ElementNotVisibleException -->
          <reporter-output>
          </reporter-output>
        </test-method> <!-- TC181510_OQS_RK_TRiM_Sim_Instructor_Add_a_Sim_Instructor_to_OQS_RK_and_verify_in_TRiM -->
        <test-method status="PASS" signature="tearDown(org.testng.ITestResult)[pri:0, instance:com.swacorp.crew.tests.regression.oqs.crew14477.TC181510_181551_181552@3e4958ef]" name="tearDown" is-config="true" duration-ms="6899" started-at="2020-01-29T15:50:51Z" finished-at="2020-01-29T15:50:58Z">
          <params>
            <param index="0">
              <value>
                <![CDATA[[TestResult name=TC181510_OQS_RK_TRiM_Sim_Instructor_Add_a_Sim_Instructor_to_OQS_RK_and_verify_in_TRiM status=FAILURE method=TC181510_181551_181552.TC181510_OQS_RK_TRiM_Sim_Instructor_Add_a_Sim_Instructor_to_OQS_RK_and_verify_in_TRiM([Ljava.lang.String;)[pri:1, instance:com.swacorp.crew.tests.regression.oqs.crew14477.TC181510_181551_181552@3e4958ef] output={null}]]]>
              </value>
            </param>
          </params>
          <reporter-output>
          </reporter-output>
        </test-method> <!-- tearDown -->
        <test-method status="PASS" signature="clearStaticData()[pri:0, instance:com.swacorp.crew.tests.regression.oqs.crew14477.TC181510_181551_181552@3e4958ef]" name="clearStaticData" is-config="true" duration-ms="0" started-at="2020-01-29T15:50:58Z" finished-at="2020-01-29T15:50:58Z">
          <reporter-output>
          </reporter-output>
        </test-method> <!-- clearStaticData -->
      </class> <!-- com.swacorp.crew.tests.regression.oqs.crew14477.TC181510_181551_181552 -->
    </test> <!-- Gradle test -->
  </suite> <!-- Gradle suite -->
</testng-results>
