<?xml version="1.0" encoding="UTF-8"?>
<testsuite name="com.swacorp.crew.tests.regression.oqs.crew14477.TC181510_181551_181552" tests="7" skipped="0" failures="4" errors="0" timestamp="2020-01-22T01:41:16" hostname="PDCDW10-VM30051" time="540.222">
  <properties/>
  <testcase name="TC181510_OQS_RK_TRiM_Sim_Instructor_Add_a_Sim_Instructor_to_OQS_RK_and_verify_in_TRiM[0]([Ljava.lang.String;@7eac3f64)" classname="com.swacorp.crew.tests.regression.oqs.crew14477.TC181510_181551_181552" time="102.119"/>
  <testcase name="TC181551_OQS_RK_TRiM_FAA_Add_a_FAA_to_OQS_RK_and_verify_in_TRiM[0]([Ljava.lang.String;@51acbf13)" classname="com.swacorp.crew.tests.regression.oqs.crew14477.TC181510_181551_181552" time="73.211"/>
  <testcase name="TC181552_OQS_RK_TRiM_APM_Add_a_APM_to_OQS_RK_and_verify_in_TRiM[0]([Ljava.lang.String;@44206cfd)" classname="com.swacorp.crew.tests.regression.oqs.crew14477.TC181510_181551_181552" time="70.596"/>
  <testcase name="TC181359_OQS_RK_TRiM_FO_Add_a_FO_to_OQS_RK_and_verify_in_TRiM[0]([Ljava.lang.String;@413804ae)" classname="com.swacorp.crew.tests.regression.oqs.crew14477.TC181510_181551_181552" time="63.562">
    <failure message="java.lang.AssertionError: CREW employee details not visible on Trim." type="java.lang.AssertionError">java.lang.AssertionError: CREW employee details not visible on Trim.
	at org.testng.Assert.fail(Assert.java:85)
	at com.swacorp.crew.utils.ReportUtil.reportLeanFT(ReportUtil.java:46)
	at com.swacorp.crew.pages.trim.homepage.TrimHomePageAM.ValidateSearchResults(TrimHomePageAM.java:135)
	at com.swacorp.crew.tests.regression.oqs.crew14477.Wrappers.Add_Crew_Member_In_OQS_Verify_In_Trim.WrapperMethod(Add_Crew_Member_In_OQS_Verify_In_Trim.java:55)
	at com.swacorp.crew.tests.regression.oqs.crew14477.TC181510_181551_181552.TC181359_OQS_RK_TRiM_FO_Add_a_FO_to_OQS_RK_and_verify_in_TRiM(TC181510_181551_181552.java:55)
	at sun.reflect.NativeMethodAccessorImpl.invoke0(Native Method)
	at sun.reflect.NativeMethodAccessorImpl.invoke(NativeMethodAccessorImpl.java:62)
	at sun.reflect.DelegatingMethodAccessorImpl.invoke(DelegatingMethodAccessorImpl.java:43)
	at java.lang.reflect.Method.invoke(Method.java:498)
	at org.testng.internal.MethodInvocationHelper.invokeMethod(MethodInvocationHelper.java:124)
	at org.testng.internal.Invoker.invokeMethod(Invoker.java:583)
	at org.testng.internal.Invoker.invokeTestMethod(Invoker.java:719)
	at org.testng.internal.Invoker.invokeTestMethods(Invoker.java:989)
	at org.testng.internal.TestMethodWorker.invokeTestMethods(TestMethodWorker.java:125)
	at org.testng.internal.TestMethodWorker.run(TestMethodWorker.java:109)
	at java.util.concurrent.ThreadPoolExecutor.runWorker(ThreadPoolExecutor.java:1149)
	at java.util.concurrent.ThreadPoolExecutor$Worker.run(ThreadPoolExecutor.java:624)
	at java.lang.Thread.run(Thread.java:748)
Caused by: java.lang.Throwable
	... 17 more
</failure>
  </testcase>
  <testcase name="TC181508_OQS_RK_TRiM_FO_Add_multiple_FOs_to_OQS_RK_and_verify_in_TRiM[0]([Ljava.lang.String;@1a9deed3)" classname="com.swacorp.crew.tests.regression.oqs.crew14477.TC181510_181551_181552" time="72.948">
    <failure message="java.lang.AssertionError: CREW employee details not visible on Trim." type="java.lang.AssertionError">java.lang.AssertionError: CREW employee details not visible on Trim.
	at org.testng.Assert.fail(Assert.java:85)
	at com.swacorp.crew.utils.ReportUtil.reportLeanFT(ReportUtil.java:46)
	at com.swacorp.crew.pages.trim.homepage.TrimHomePageAM.ValidateSearchResults(TrimHomePageAM.java:135)
	at com.swacorp.crew.tests.regression.oqs.crew14477.Wrappers.Add_Crew_Member_In_OQS_Verify_In_Trim.WrapperMethod(Add_Crew_Member_In_OQS_Verify_In_Trim.java:55)
	at com.swacorp.crew.tests.regression.oqs.crew14477.TC181510_181551_181552.TC181508_OQS_RK_TRiM_FO_Add_multiple_FOs_to_OQS_RK_and_verify_in_TRiM(TC181510_181551_181552.java:61)
	at sun.reflect.NativeMethodAccessorImpl.invoke0(Native Method)
	at sun.reflect.NativeMethodAccessorImpl.invoke(NativeMethodAccessorImpl.java:62)
	at sun.reflect.DelegatingMethodAccessorImpl.invoke(DelegatingMethodAccessorImpl.java:43)
	at java.lang.reflect.Method.invoke(Method.java:498)
	at org.testng.internal.MethodInvocationHelper.invokeMethod(MethodInvocationHelper.java:124)
	at org.testng.internal.Invoker.invokeMethod(Invoker.java:583)
	at org.testng.internal.Invoker.invokeTestMethod(Invoker.java:719)
	at org.testng.internal.Invoker.invokeTestMethods(Invoker.java:989)
	at org.testng.internal.TestMethodWorker.invokeTestMethods(TestMethodWorker.java:125)
	at org.testng.internal.TestMethodWorker.run(TestMethodWorker.java:109)
	at java.util.concurrent.ThreadPoolExecutor.runWorker(ThreadPoolExecutor.java:1149)
	at java.util.concurrent.ThreadPoolExecutor$Worker.run(ThreadPoolExecutor.java:624)
	at java.lang.Thread.run(Thread.java:748)
Caused by: java.lang.Throwable
	... 17 more
</failure>
  </testcase>
  <testcase name="TC181508_OQS_RK_TRiM_FO_Add_multiple_FOs_to_OQS_RK_and_verify_in_TRiM[1]([Ljava.lang.String;@4b1a5b80)" classname="com.swacorp.crew.tests.regression.oqs.crew14477.TC181510_181551_181552" time="58.812">
    <failure message="java.lang.AssertionError: CREW employee details not visible on Trim." type="java.lang.AssertionError">java.lang.AssertionError: CREW employee details not visible on Trim.
	at org.testng.Assert.fail(Assert.java:85)
	at com.swacorp.crew.utils.ReportUtil.reportLeanFT(ReportUtil.java:46)
	at com.swacorp.crew.pages.trim.homepage.TrimHomePageAM.ValidateSearchResults(TrimHomePageAM.java:135)
	at com.swacorp.crew.tests.regression.oqs.crew14477.Wrappers.Add_Crew_Member_In_OQS_Verify_In_Trim.WrapperMethod(Add_Crew_Member_In_OQS_Verify_In_Trim.java:55)
	at com.swacorp.crew.tests.regression.oqs.crew14477.TC181510_181551_181552.TC181508_OQS_RK_TRiM_FO_Add_multiple_FOs_to_OQS_RK_and_verify_in_TRiM(TC181510_181551_181552.java:61)
	at sun.reflect.NativeMethodAccessorImpl.invoke0(Native Method)
	at sun.reflect.NativeMethodAccessorImpl.invoke(NativeMethodAccessorImpl.java:62)
	at sun.reflect.DelegatingMethodAccessorImpl.invoke(DelegatingMethodAccessorImpl.java:43)
	at java.lang.reflect.Method.invoke(Method.java:498)
	at org.testng.internal.MethodInvocationHelper.invokeMethod(MethodInvocationHelper.java:124)
	at org.testng.internal.Invoker.invokeMethod(Invoker.java:583)
	at org.testng.internal.Invoker.invokeTestMethod(Invoker.java:719)
	at org.testng.internal.Invoker.invokeTestMethods(Invoker.java:989)
	at org.testng.internal.TestMethodWorker.invokeTestMethods(TestMethodWorker.java:125)
	at org.testng.internal.TestMethodWorker.run(TestMethodWorker.java:109)
	at java.util.concurrent.ThreadPoolExecutor.runWorker(ThreadPoolExecutor.java:1149)
	at java.util.concurrent.ThreadPoolExecutor$Worker.run(ThreadPoolExecutor.java:624)
	at java.lang.Thread.run(Thread.java:748)
Caused by: java.lang.Throwable
	... 17 more
</failure>
  </testcase>
  <testcase name="TC181508_OQS_RK_TRiM_FO_Add_multiple_FOs_to_OQS_RK_and_verify_in_TRiM[2]([Ljava.lang.String;@55ab6cb6)" classname="com.swacorp.crew.tests.regression.oqs.crew14477.TC181510_181551_181552" time="62.387">
    <failure message="java.lang.AssertionError: CREW employee details not visible on Trim." type="java.lang.AssertionError">java.lang.AssertionError: CREW employee details not visible on Trim.
	at org.testng.Assert.fail(Assert.java:85)
	at com.swacorp.crew.utils.ReportUtil.reportLeanFT(ReportUtil.java:46)
	at com.swacorp.crew.pages.trim.homepage.TrimHomePageAM.ValidateSearchResults(TrimHomePageAM.java:135)
	at com.swacorp.crew.tests.regression.oqs.crew14477.Wrappers.Add_Crew_Member_In_OQS_Verify_In_Trim.WrapperMethod(Add_Crew_Member_In_OQS_Verify_In_Trim.java:55)
	at com.swacorp.crew.tests.regression.oqs.crew14477.TC181510_181551_181552.TC181508_OQS_RK_TRiM_FO_Add_multiple_FOs_to_OQS_RK_and_verify_in_TRiM(TC181510_181551_181552.java:61)
	at sun.reflect.NativeMethodAccessorImpl.invoke0(Native Method)
	at sun.reflect.NativeMethodAccessorImpl.invoke(NativeMethodAccessorImpl.java:62)
	at sun.reflect.DelegatingMethodAccessorImpl.invoke(DelegatingMethodAccessorImpl.java:43)
	at java.lang.reflect.Method.invoke(Method.java:498)
	at org.testng.internal.MethodInvocationHelper.invokeMethod(MethodInvocationHelper.java:124)
	at org.testng.internal.Invoker.invokeMethod(Invoker.java:583)
	at org.testng.internal.Invoker.invokeTestMethod(Invoker.java:719)
	at org.testng.internal.Invoker.invokeTestMethods(Invoker.java:989)
	at org.testng.internal.TestMethodWorker.invokeTestMethods(TestMethodWorker.java:125)
	at org.testng.internal.TestMethodWorker.run(TestMethodWorker.java:109)
	at java.util.concurrent.ThreadPoolExecutor.runWorker(ThreadPoolExecutor.java:1149)
	at java.util.concurrent.ThreadPoolExecutor$Worker.run(ThreadPoolExecutor.java:624)
	at java.lang.Thread.run(Thread.java:748)
Caused by: java.lang.Throwable
	... 17 more
</failure>
  </testcase>
  <system-out><![CDATA[empNum: nullretVal: 0empNum: 59120retVal: 0empNum: 36448retVal: 0empNum: 30256retVal: 0empNum: 86248retVal: 0empNum: 85220retVal: 0empNum: 18184retVal: 0]]></system-out>
  <system-err><![CDATA[Starting ChromeDriver 2.39.562718 (9a2698cba08cf5a471a29d30c8b3e12becabb0e9) on port 47811
Only local connections are allowed.
Jan 21, 2020 7:41:16 PM org.openqa.selenium.remote.ProtocolHandshake createSession
INFO: Detected dialect: OSS
]]></system-err>
</testsuite>
