<?xml version="1.0" encoding="UTF-8"?>
<testsuite name="com.swacorp.crew.tests.regression.oqs.crew14477.TC181553_181554" tests="2" skipped="0" failures="2" errors="0" timestamp="2020-01-22T01:50:22" hostname="PDCDW10-VM30051" time="144.363">
  <properties/>
  <testcase name="TC181553_OQS_RK_TRiM_FO_End_an_FO_position_and_add_new_FO_position_to_the_CM_to_OQS_RK_and_verify_in_TRiM[0]([Ljava.lang.String;@22974e99)" classname="com.swacorp.crew.tests.regression.oqs.crew14477.TC181553_181554" time="63.052">
    <failure message="java.lang.AssertionError: CREW employee details not visible on Trim." type="java.lang.AssertionError">java.lang.AssertionError: CREW employee details not visible on Trim.
	at org.testng.Assert.fail(Assert.java:85)
	at com.swacorp.crew.utils.ReportUtil.reportLeanFT(ReportUtil.java:46)
	at com.swacorp.crew.pages.trim.homepage.TrimHomePageAM.ValidateSearchResults(TrimHomePageAM.java:135)
	at com.swacorp.crew.tests.regression.oqs.crew14477.Wrappers.Add_Crew_Member_In_OQS_Verify_In_Trim.AddNewPositionInOQSVerifyInTrim(Add_Crew_Member_In_OQS_Verify_In_Trim.java:114)
	at com.swacorp.crew.tests.regression.oqs.crew14477.TC181553_181554.TC181553_OQS_RK_TRiM_FO_End_an_FO_position_and_add_new_FO_position_to_the_CM_to_OQS_RK_and_verify_in_TRiM(TC181553_181554.java:37)
	at sun.reflect.NativeMethodAccessorImpl.invoke0(Native Method)
	at sun.reflect.NativeMethodAccessorImpl.invoke(NativeMethodAccessorImpl.java:62)
	at sun.reflect.DelegatingMethodAccessorImpl.invoke(DelegatingMethodAccessorImpl.java:43)
	at java.lang.reflect.Method.invoke(Method.java:498)
	at org.testng.internal.MethodInvocationHelper.invokeMethod(MethodInvocationHelper.java:124)
	at org.testng.internal.Invoker.invokeMethod(Invoker.java:583)
	at org.testng.internal.Invoker.invokeTestMethod(Invoker.java:719)
	at org.testng.internal.Invoker.invokeTestMethods(Invoker.java:989)
	at org.testng.internal.TestMethodWorker.invokeTestMethods(TestMethodWorker.java:125)
	at org.testng.internal.TestMethodWorker.run(TestMethodWorker.java:109)
	at java.util.concurrent.ThreadPoolExecutor.runWorker(ThreadPoolExecutor.java:1149)
	at java.util.concurrent.ThreadPoolExecutor$Worker.run(ThreadPoolExecutor.java:624)
	at java.lang.Thread.run(Thread.java:748)
Caused by: java.lang.Throwable
	... 17 more
</failure>
  </testcase>
  <testcase name="TC181554_CREW_14499_TC10_OQS_RK_TRiM_FO_End_an_FO_position_and_add_new_FO_position_to_the_CM_to_OQS_RK_and_verify_in_TRiM[0]([Ljava.lang.String;@6efbc788)" classname="com.swacorp.crew.tests.regression.oqs.crew14477.TC181553_181554" time="74.978">
    <failure message="java.lang.AssertionError: CREW employee details not visible on Trim." type="java.lang.AssertionError">java.lang.AssertionError: CREW employee details not visible on Trim.
	at org.testng.Assert.fail(Assert.java:85)
	at com.swacorp.crew.utils.ReportUtil.reportLeanFT(ReportUtil.java:46)
	at com.swacorp.crew.pages.trim.homepage.TrimHomePageAM.ValidateSearchResults(TrimHomePageAM.java:135)
	at com.swacorp.crew.tests.regression.oqs.crew14477.Wrappers.Add_Crew_Member_In_OQS_Verify_In_Trim.AddNewPositionInOQSVerifyInTrim(Add_Crew_Member_In_OQS_Verify_In_Trim.java:114)
	at com.swacorp.crew.tests.regression.oqs.crew14477.TC181553_181554.TC181554_CREW_14499_TC10_OQS_RK_TRiM_FO_End_an_FO_position_and_add_new_FO_position_to_the_CM_to_OQS_RK_and_verify_in_TRiM(TC181553_181554.java:44)
	at sun.reflect.NativeMethodAccessorImpl.invoke0(Native Method)
	at sun.reflect.NativeMethodAccessorImpl.invoke(NativeMethodAccessorImpl.java:62)
	at sun.reflect.DelegatingMethodAccessorImpl.invoke(DelegatingMethodAccessorImpl.java:43)
	at java.lang.reflect.Method.invoke(Method.java:498)
	at org.testng.internal.MethodInvocationHelper.invokeMethod(MethodInvocationHelper.java:124)
	at org.testng.internal.Invoker.invokeMethod(Invoker.java:583)
	at org.testng.internal.Invoker.invokeTestMethod(Invoker.java:719)
	at org.testng.internal.Invoker.invokeTestMethods(Invoker.java:989)
	at org.testng.internal.TestMethodWorker.invokeTestMethods(TestMethodWorker.java:125)
	at org.testng.internal.TestMethodWorker.run(TestMethodWorker.java:109)
	at java.util.concurrent.ThreadPoolExecutor.runWorker(ThreadPoolExecutor.java:1149)
	at java.util.concurrent.ThreadPoolExecutor$Worker.run(ThreadPoolExecutor.java:624)
	at java.lang.Thread.run(Thread.java:748)
Caused by: java.lang.Throwable
	... 17 more
</failure>
  </testcase>
  <system-out><![CDATA[empNum: nullretVal: 0date.minusDays(amount).format(dateFormat);01/20/2020
date.minusDays(amount).format(dateFormat);01/11/2020
date.minusDays(amount).format(dateFormat);10/13/2019
empNum: 47872retVal: 0date.minusDays(amount).format(dateFormat);01/20/2020
date.minusDays(amount).format(dateFormat);01/11/2020
date.minusDays(amount).format(dateFormat);10/13/2019
]]></system-out>
  <system-err><![CDATA[Starting ChromeDriver 2.39.562718 (9a2698cba08cf5a471a29d30c8b3e12becabb0e9) on port 1782
Only local connections are allowed.
Jan 21, 2020 7:50:22 PM org.openqa.selenium.remote.ProtocolHandshake createSession
INFO: Detected dialect: OSS
]]></system-err>
</testsuite>
