<!DOCTYPE html>
<html>
<head>
<meta http-equiv="Content-Type" content="text/html; charset=utf-8"/>
<meta http-equiv="x-ua-compatible" content="IE=edge"/>
<title>Test results - Class com.swacorp.crew.tests.regression.oqs.crew14477.TC181553_181554</title>
<link href="../css/base-style.css" rel="stylesheet" type="text/css"/>
<link href="../css/style.css" rel="stylesheet" type="text/css"/>
<script src="../js/report.js" type="text/javascript"></script>
</head>
<body>
<div id="content">
<h1>Class com.swacorp.crew.tests.regression.oqs.crew14477.TC181553_181554</h1>
<div class="breadcrumbs">
<a href="../index.html">all</a> &gt; 
<a href="../packages/com.swacorp.crew.tests.regression.oqs.crew14477.html">com.swacorp.crew.tests.regression.oqs.crew14477</a> &gt; TC181553_181554</div>
<div id="summary">
<table>
<tr>
<td>
<div class="summaryGroup">
<table>
<tr>
<td>
<div class="infoBox" id="tests">
<div class="counter">2</div>
<p>tests</p>
</div>
</td>
<td>
<div class="infoBox" id="failures">
<div class="counter">2</div>
<p>failures</p>
</div>
</td>
<td>
<div class="infoBox" id="ignored">
<div class="counter">0</div>
<p>ignored</p>
</div>
</td>
<td>
<div class="infoBox" id="duration">
<div class="counter">2m18.03s</div>
<p>duration</p>
</div>
</td>
</tr>
</table>
</div>
</td>
<td>
<div class="infoBox failures" id="successRate">
<div class="percent">0%</div>
<p>successful</p>
</div>
</td>
</tr>
</table>
</div>
<div id="tabs">
<ul class="tabLinks">
<li>
<a href="#tab0">Failed tests</a>
</li>
<li>
<a href="#tab1">Tests</a>
</li>
<li>
<a href="#tab2">Standard output</a>
</li>
<li>
<a href="#tab3">Standard error</a>
</li>
</ul>
<div id="tab0" class="tab">
<h2>Failed tests</h2>
<div class="test">
<a name="TC181553_OQS_RK_TRiM_FO_End_an_FO_position_and_add_new_FO_position_to_the_CM_to_OQS_RK_and_verify_in_TRiM[0]([Ljava.lang.String;@22974e99)"></a>
<h3 class="failures">TC181553_OQS_RK_TRiM_FO_End_an_FO_position_and_add_new_FO_position_to_the_CM_to_OQS_RK_and_verify_in_TRiM[0]([Ljava.lang.String;@22974e99)</h3>
<span class="code">
<pre>java.lang.AssertionError: CREW employee details not visible on Trim.
	at org.testng.Assert.fail(Assert.java:85)
	at com.swacorp.crew.utils.ReportUtil.reportLeanFT(ReportUtil.java:46)
	at com.swacorp.crew.pages.trim.homepage.TrimHomePageAM.ValidateSearchResults(TrimHomePageAM.java:135)
	at com.swacorp.crew.tests.regression.oqs.crew14477.Wrappers.Add_Crew_Member_In_OQS_Verify_In_Trim.AddNewPositionInOQSVerifyInTrim(Add_Crew_Member_In_OQS_Verify_In_Trim.java:114)
	at com.swacorp.crew.tests.regression.oqs.crew14477.TC181553_181554.TC181553_OQS_RK_TRiM_FO_End_an_FO_position_and_add_new_FO_position_to_the_CM_to_OQS_RK_and_verify_in_TRiM(TC181553_181554.java:37)
	at sun.reflect.NativeMethodAccessorImpl.invoke0(Native Method)
	at sun.reflect.NativeMethodAccessorImpl.invoke(NativeMethodAccessorImpl.java:62)
	at sun.reflect.DelegatingMethodAccessorImpl.invoke(DelegatingMethodAccessorImpl.java:43)
	at java.lang.reflect.Method.invoke(Method.java:498)
	at org.testng.internal.MethodInvocationHelper.invokeMethod(MethodInvocationHelper.java:124)
	at org.testng.internal.Invoker.invokeMethod(Invoker.java:583)
	at org.testng.internal.Invoker.invokeTestMethod(Invoker.java:719)
	at org.testng.internal.Invoker.invokeTestMethods(Invoker.java:989)
	at org.testng.internal.TestMethodWorker.invokeTestMethods(TestMethodWorker.java:125)
	at org.testng.internal.TestMethodWorker.run(TestMethodWorker.java:109)
	at java.util.concurrent.ThreadPoolExecutor.runWorker(ThreadPoolExecutor.java:1149)
	at java.util.concurrent.ThreadPoolExecutor$Worker.run(ThreadPoolExecutor.java:624)
	at java.lang.Thread.run(Thread.java:748)
Caused by: java.lang.Throwable
	... 17 more
</pre>
</span>
</div>
<div class="test">
<a name="TC181554_CREW_14499_TC10_OQS_RK_TRiM_FO_End_an_FO_position_and_add_new_FO_position_to_the_CM_to_OQS_RK_and_verify_in_TRiM[0]([Ljava.lang.String;@6efbc788)"></a>
<h3 class="failures">TC181554_CREW_14499_TC10_OQS_RK_TRiM_FO_End_an_FO_position_and_add_new_FO_position_to_the_CM_to_OQS_RK_and_verify_in_TRiM[0]([Ljava.lang.String;@6efbc788)</h3>
<span class="code">
<pre>java.lang.AssertionError: CREW employee details not visible on Trim.
	at org.testng.Assert.fail(Assert.java:85)
	at com.swacorp.crew.utils.ReportUtil.reportLeanFT(ReportUtil.java:46)
	at com.swacorp.crew.pages.trim.homepage.TrimHomePageAM.ValidateSearchResults(TrimHomePageAM.java:135)
	at com.swacorp.crew.tests.regression.oqs.crew14477.Wrappers.Add_Crew_Member_In_OQS_Verify_In_Trim.AddNewPositionInOQSVerifyInTrim(Add_Crew_Member_In_OQS_Verify_In_Trim.java:114)
	at com.swacorp.crew.tests.regression.oqs.crew14477.TC181553_181554.TC181554_CREW_14499_TC10_OQS_RK_TRiM_FO_End_an_FO_position_and_add_new_FO_position_to_the_CM_to_OQS_RK_and_verify_in_TRiM(TC181553_181554.java:44)
	at sun.reflect.NativeMethodAccessorImpl.invoke0(Native Method)
	at sun.reflect.NativeMethodAccessorImpl.invoke(NativeMethodAccessorImpl.java:62)
	at sun.reflect.DelegatingMethodAccessorImpl.invoke(DelegatingMethodAccessorImpl.java:43)
	at java.lang.reflect.Method.invoke(Method.java:498)
	at org.testng.internal.MethodInvocationHelper.invokeMethod(MethodInvocationHelper.java:124)
	at org.testng.internal.Invoker.invokeMethod(Invoker.java:583)
	at org.testng.internal.Invoker.invokeTestMethod(Invoker.java:719)
	at org.testng.internal.Invoker.invokeTestMethods(Invoker.java:989)
	at org.testng.internal.TestMethodWorker.invokeTestMethods(TestMethodWorker.java:125)
	at org.testng.internal.TestMethodWorker.run(TestMethodWorker.java:109)
	at java.util.concurrent.ThreadPoolExecutor.runWorker(ThreadPoolExecutor.java:1149)
	at java.util.concurrent.ThreadPoolExecutor$Worker.run(ThreadPoolExecutor.java:624)
	at java.lang.Thread.run(Thread.java:748)
Caused by: java.lang.Throwable
	... 17 more
</pre>
</span>
</div>
</div>
<div id="tab1" class="tab">
<h2>Tests</h2>
<table>
<thead>
<tr>
<th>Test</th>
<th>Duration</th>
<th>Result</th>
</tr>
</thead>
<tr>
<td class="failures">TC181553_OQS_RK_TRiM_FO_End_an_FO_position_and_add_new_FO_position_to_the_CM_to_OQS_RK_and_verify_in_TRiM[0]([Ljava.lang.String;@22974e99)</td>
<td>1m3.05s</td>
<td class="failures">failed</td>
</tr>
<tr>
<td class="failures">TC181554_CREW_14499_TC10_OQS_RK_TRiM_FO_End_an_FO_position_and_add_new_FO_position_to_the_CM_to_OQS_RK_and_verify_in_TRiM[0]([Ljava.lang.String;@6efbc788)</td>
<td>1m14.98s</td>
<td class="failures">failed</td>
</tr>
</table>
</div>
<div id="tab2" class="tab">
<h2>Standard output</h2>
<span class="code">
<pre>empNum: nullretVal: 0date.minusDays(amount).format(dateFormat);01/20/2020
date.minusDays(amount).format(dateFormat);01/11/2020
date.minusDays(amount).format(dateFormat);10/13/2019
empNum: 47872retVal: 0date.minusDays(amount).format(dateFormat);01/20/2020
date.minusDays(amount).format(dateFormat);01/11/2020
date.minusDays(amount).format(dateFormat);10/13/2019
</pre>
</span>
</div>
<div id="tab3" class="tab">
<h2>Standard error</h2>
<span class="code">
<pre>Starting ChromeDriver 2.39.562718 (9a2698cba08cf5a471a29d30c8b3e12becabb0e9) on port 1782
Only local connections are allowed.
Jan 21, 2020 7:50:22 PM org.openqa.selenium.remote.ProtocolHandshake createSession
INFO: Detected dialect: OSS
</pre>
</span>
</div>
</div>
<div id="footer">
<p>
<div>
<label class="hidden" id="label-for-line-wrapping-toggle" for="line-wrapping-toggle">Wrap lines
<input id="line-wrapping-toggle" type="checkbox" autocomplete="off"/>
</label>
</div>Generated by 
<a href="http://www.gradle.org">Gradle 4.6</a> at Jan 21, 2020 7:52:56 PM</p>
</div>
</div>
</body>
</html>
