<!DOCTYPE html>
<html>
<head>
<meta http-equiv="Content-Type" content="text/html; charset=utf-8"/>
<meta http-equiv="x-ua-compatible" content="IE=edge"/>
<title>Test results - Class com.swacorp.crew.tests.regression.oqs.crew14477.TC181510_181551_181552</title>
<link href="../css/base-style.css" rel="stylesheet" type="text/css"/>
<link href="../css/style.css" rel="stylesheet" type="text/css"/>
<script src="../js/report.js" type="text/javascript"></script>
</head>
<body>
<div id="content">
<h1>Class com.swacorp.crew.tests.regression.oqs.crew14477.TC181510_181551_181552</h1>
<div class="breadcrumbs">
<a href="../index.html">all</a> &gt; 
<a href="../packages/com.swacorp.crew.tests.regression.oqs.crew14477.html">com.swacorp.crew.tests.regression.oqs.crew14477</a> &gt; TC181510_181551_181552</div>
<div id="summary">
<table>
<tr>
<td>
<div class="summaryGroup">
<table>
<tr>
<td>
<div class="infoBox" id="tests">
<div class="counter">7</div>
<p>tests</p>
</div>
</td>
<td>
<div class="infoBox" id="failures">
<div class="counter">4</div>
<p>failures</p>
</div>
</td>
<td>
<div class="infoBox" id="ignored">
<div class="counter">0</div>
<p>ignored</p>
</div>
</td>
<td>
<div class="infoBox" id="duration">
<div class="counter">8m23.64s</div>
<p>duration</p>
</div>
</td>
</tr>
</table>
</div>
</td>
<td>
<div class="infoBox failures" id="successRate">
<div class="percent">42%</div>
<p>successful</p>
</div>
</td>
</tr>
</table>
</div>
<div id="tabs">
<ul class="tabLinks">
<li>
<a href="#tab0">Failed tests</a>
</li>
<li>
<a href="#tab1">Tests</a>
</li>
<li>
<a href="#tab2">Standard output</a>
</li>
<li>
<a href="#tab3">Standard error</a>
</li>
</ul>
<div id="tab0" class="tab">
<h2>Failed tests</h2>
<div class="test">
<a name="TC181359_OQS_RK_TRiM_FO_Add_a_FO_to_OQS_RK_and_verify_in_TRiM[0]([Ljava.lang.String;@413804ae)"></a>
<h3 class="failures">TC181359_OQS_RK_TRiM_FO_Add_a_FO_to_OQS_RK_and_verify_in_TRiM[0]([Ljava.lang.String;@413804ae)</h3>
<span class="code">
<pre>java.lang.AssertionError: CREW employee details not visible on Trim.
	at org.testng.Assert.fail(Assert.java:85)
	at com.swacorp.crew.utils.ReportUtil.reportLeanFT(ReportUtil.java:46)
	at com.swacorp.crew.pages.trim.homepage.TrimHomePageAM.ValidateSearchResults(TrimHomePageAM.java:135)
	at com.swacorp.crew.tests.regression.oqs.crew14477.Wrappers.Add_Crew_Member_In_OQS_Verify_In_Trim.WrapperMethod(Add_Crew_Member_In_OQS_Verify_In_Trim.java:55)
	at com.swacorp.crew.tests.regression.oqs.crew14477.TC181510_181551_181552.TC181359_OQS_RK_TRiM_FO_Add_a_FO_to_OQS_RK_and_verify_in_TRiM(TC181510_181551_181552.java:55)
	at sun.reflect.NativeMethodAccessorImpl.invoke0(Native Method)
	at sun.reflect.NativeMethodAccessorImpl.invoke(NativeMethodAccessorImpl.java:62)
	at sun.reflect.DelegatingMethodAccessorImpl.invoke(DelegatingMethodAccessorImpl.java:43)
	at java.lang.reflect.Method.invoke(Method.java:498)
	at org.testng.internal.MethodInvocationHelper.invokeMethod(MethodInvocationHelper.java:124)
	at org.testng.internal.Invoker.invokeMethod(Invoker.java:583)
	at org.testng.internal.Invoker.invokeTestMethod(Invoker.java:719)
	at org.testng.internal.Invoker.invokeTestMethods(Invoker.java:989)
	at org.testng.internal.TestMethodWorker.invokeTestMethods(TestMethodWorker.java:125)
	at org.testng.internal.TestMethodWorker.run(TestMethodWorker.java:109)
	at java.util.concurrent.ThreadPoolExecutor.runWorker(ThreadPoolExecutor.java:1149)
	at java.util.concurrent.ThreadPoolExecutor$Worker.run(ThreadPoolExecutor.java:624)
	at java.lang.Thread.run(Thread.java:748)
Caused by: java.lang.Throwable
	... 17 more
</pre>
</span>
</div>
<div class="test">
<a name="TC181508_OQS_RK_TRiM_FO_Add_multiple_FOs_to_OQS_RK_and_verify_in_TRiM[0]([Ljava.lang.String;@1a9deed3)"></a>
<h3 class="failures">TC181508_OQS_RK_TRiM_FO_Add_multiple_FOs_to_OQS_RK_and_verify_in_TRiM[0]([Ljava.lang.String;@1a9deed3)</h3>
<span class="code">
<pre>java.lang.AssertionError: CREW employee details not visible on Trim.
	at org.testng.Assert.fail(Assert.java:85)
	at com.swacorp.crew.utils.ReportUtil.reportLeanFT(ReportUtil.java:46)
	at com.swacorp.crew.pages.trim.homepage.TrimHomePageAM.ValidateSearchResults(TrimHomePageAM.java:135)
	at com.swacorp.crew.tests.regression.oqs.crew14477.Wrappers.Add_Crew_Member_In_OQS_Verify_In_Trim.WrapperMethod(Add_Crew_Member_In_OQS_Verify_In_Trim.java:55)
	at com.swacorp.crew.tests.regression.oqs.crew14477.TC181510_181551_181552.TC181508_OQS_RK_TRiM_FO_Add_multiple_FOs_to_OQS_RK_and_verify_in_TRiM(TC181510_181551_181552.java:61)
	at sun.reflect.NativeMethodAccessorImpl.invoke0(Native Method)
	at sun.reflect.NativeMethodAccessorImpl.invoke(NativeMethodAccessorImpl.java:62)
	at sun.reflect.DelegatingMethodAccessorImpl.invoke(DelegatingMethodAccessorImpl.java:43)
	at java.lang.reflect.Method.invoke(Method.java:498)
	at org.testng.internal.MethodInvocationHelper.invokeMethod(MethodInvocationHelper.java:124)
	at org.testng.internal.Invoker.invokeMethod(Invoker.java:583)
	at org.testng.internal.Invoker.invokeTestMethod(Invoker.java:719)
	at org.testng.internal.Invoker.invokeTestMethods(Invoker.java:989)
	at org.testng.internal.TestMethodWorker.invokeTestMethods(TestMethodWorker.java:125)
	at org.testng.internal.TestMethodWorker.run(TestMethodWorker.java:109)
	at java.util.concurrent.ThreadPoolExecutor.runWorker(ThreadPoolExecutor.java:1149)
	at java.util.concurrent.ThreadPoolExecutor$Worker.run(ThreadPoolExecutor.java:624)
	at java.lang.Thread.run(Thread.java:748)
Caused by: java.lang.Throwable
	... 17 more
</pre>
</span>
</div>
<div class="test">
<a name="TC181508_OQS_RK_TRiM_FO_Add_multiple_FOs_to_OQS_RK_and_verify_in_TRiM[1]([Ljava.lang.String;@4b1a5b80)"></a>
<h3 class="failures">TC181508_OQS_RK_TRiM_FO_Add_multiple_FOs_to_OQS_RK_and_verify_in_TRiM[1]([Ljava.lang.String;@4b1a5b80)</h3>
<span class="code">
<pre>java.lang.AssertionError: CREW employee details not visible on Trim.
	at org.testng.Assert.fail(Assert.java:85)
	at com.swacorp.crew.utils.ReportUtil.reportLeanFT(ReportUtil.java:46)
	at com.swacorp.crew.pages.trim.homepage.TrimHomePageAM.ValidateSearchResults(TrimHomePageAM.java:135)
	at com.swacorp.crew.tests.regression.oqs.crew14477.Wrappers.Add_Crew_Member_In_OQS_Verify_In_Trim.WrapperMethod(Add_Crew_Member_In_OQS_Verify_In_Trim.java:55)
	at com.swacorp.crew.tests.regression.oqs.crew14477.TC181510_181551_181552.TC181508_OQS_RK_TRiM_FO_Add_multiple_FOs_to_OQS_RK_and_verify_in_TRiM(TC181510_181551_181552.java:61)
	at sun.reflect.NativeMethodAccessorImpl.invoke0(Native Method)
	at sun.reflect.NativeMethodAccessorImpl.invoke(NativeMethodAccessorImpl.java:62)
	at sun.reflect.DelegatingMethodAccessorImpl.invoke(DelegatingMethodAccessorImpl.java:43)
	at java.lang.reflect.Method.invoke(Method.java:498)
	at org.testng.internal.MethodInvocationHelper.invokeMethod(MethodInvocationHelper.java:124)
	at org.testng.internal.Invoker.invokeMethod(Invoker.java:583)
	at org.testng.internal.Invoker.invokeTestMethod(Invoker.java:719)
	at org.testng.internal.Invoker.invokeTestMethods(Invoker.java:989)
	at org.testng.internal.TestMethodWorker.invokeTestMethods(TestMethodWorker.java:125)
	at org.testng.internal.TestMethodWorker.run(TestMethodWorker.java:109)
	at java.util.concurrent.ThreadPoolExecutor.runWorker(ThreadPoolExecutor.java:1149)
	at java.util.concurrent.ThreadPoolExecutor$Worker.run(ThreadPoolExecutor.java:624)
	at java.lang.Thread.run(Thread.java:748)
Caused by: java.lang.Throwable
	... 17 more
</pre>
</span>
</div>
<div class="test">
<a name="TC181508_OQS_RK_TRiM_FO_Add_multiple_FOs_to_OQS_RK_and_verify_in_TRiM[2]([Ljava.lang.String;@55ab6cb6)"></a>
<h3 class="failures">TC181508_OQS_RK_TRiM_FO_Add_multiple_FOs_to_OQS_RK_and_verify_in_TRiM[2]([Ljava.lang.String;@55ab6cb6)</h3>
<span class="code">
<pre>java.lang.AssertionError: CREW employee details not visible on Trim.
	at org.testng.Assert.fail(Assert.java:85)
	at com.swacorp.crew.utils.ReportUtil.reportLeanFT(ReportUtil.java:46)
	at com.swacorp.crew.pages.trim.homepage.TrimHomePageAM.ValidateSearchResults(TrimHomePageAM.java:135)
	at com.swacorp.crew.tests.regression.oqs.crew14477.Wrappers.Add_Crew_Member_In_OQS_Verify_In_Trim.WrapperMethod(Add_Crew_Member_In_OQS_Verify_In_Trim.java:55)
	at com.swacorp.crew.tests.regression.oqs.crew14477.TC181510_181551_181552.TC181508_OQS_RK_TRiM_FO_Add_multiple_FOs_to_OQS_RK_and_verify_in_TRiM(TC181510_181551_181552.java:61)
	at sun.reflect.NativeMethodAccessorImpl.invoke0(Native Method)
	at sun.reflect.NativeMethodAccessorImpl.invoke(NativeMethodAccessorImpl.java:62)
	at sun.reflect.DelegatingMethodAccessorImpl.invoke(DelegatingMethodAccessorImpl.java:43)
	at java.lang.reflect.Method.invoke(Method.java:498)
	at org.testng.internal.MethodInvocationHelper.invokeMethod(MethodInvocationHelper.java:124)
	at org.testng.internal.Invoker.invokeMethod(Invoker.java:583)
	at org.testng.internal.Invoker.invokeTestMethod(Invoker.java:719)
	at org.testng.internal.Invoker.invokeTestMethods(Invoker.java:989)
	at org.testng.internal.TestMethodWorker.invokeTestMethods(TestMethodWorker.java:125)
	at org.testng.internal.TestMethodWorker.run(TestMethodWorker.java:109)
	at java.util.concurrent.ThreadPoolExecutor.runWorker(ThreadPoolExecutor.java:1149)
	at java.util.concurrent.ThreadPoolExecutor$Worker.run(ThreadPoolExecutor.java:624)
	at java.lang.Thread.run(Thread.java:748)
Caused by: java.lang.Throwable
	... 17 more
</pre>
</span>
</div>
</div>
<div id="tab1" class="tab">
<h2>Tests</h2>
<table>
<thead>
<tr>
<th>Test</th>
<th>Duration</th>
<th>Result</th>
</tr>
</thead>
<tr>
<td class="failures">TC181359_OQS_RK_TRiM_FO_Add_a_FO_to_OQS_RK_and_verify_in_TRiM[0]([Ljava.lang.String;@413804ae)</td>
<td>1m3.56s</td>
<td class="failures">failed</td>
</tr>
<tr>
<td class="failures">TC181508_OQS_RK_TRiM_FO_Add_multiple_FOs_to_OQS_RK_and_verify_in_TRiM[0]([Ljava.lang.String;@1a9deed3)</td>
<td>1m12.95s</td>
<td class="failures">failed</td>
</tr>
<tr>
<td class="failures">TC181508_OQS_RK_TRiM_FO_Add_multiple_FOs_to_OQS_RK_and_verify_in_TRiM[1]([Ljava.lang.String;@4b1a5b80)</td>
<td>58.812s</td>
<td class="failures">failed</td>
</tr>
<tr>
<td class="failures">TC181508_OQS_RK_TRiM_FO_Add_multiple_FOs_to_OQS_RK_and_verify_in_TRiM[2]([Ljava.lang.String;@55ab6cb6)</td>
<td>1m2.39s</td>
<td class="failures">failed</td>
</tr>
<tr>
<td class="success">TC181510_OQS_RK_TRiM_Sim_Instructor_Add_a_Sim_Instructor_to_OQS_RK_and_verify_in_TRiM[0]([Ljava.lang.String;@7eac3f64)</td>
<td>1m42.12s</td>
<td class="success">passed</td>
</tr>
<tr>
<td class="success">TC181551_OQS_RK_TRiM_FAA_Add_a_FAA_to_OQS_RK_and_verify_in_TRiM[0]([Ljava.lang.String;@51acbf13)</td>
<td>1m13.21s</td>
<td class="success">passed</td>
</tr>
<tr>
<td class="success">TC181552_OQS_RK_TRiM_APM_Add_a_APM_to_OQS_RK_and_verify_in_TRiM[0]([Ljava.lang.String;@44206cfd)</td>
<td>1m10.60s</td>
<td class="success">passed</td>
</tr>
</table>
</div>
<div id="tab2" class="tab">
<h2>Standard output</h2>
<span class="code">
<pre>empNum: nullretVal: 0empNum: 59120retVal: 0empNum: 36448retVal: 0empNum: 30256retVal: 0empNum: 86248retVal: 0empNum: 85220retVal: 0empNum: 18184retVal: 0</pre>
</span>
</div>
<div id="tab3" class="tab">
<h2>Standard error</h2>
<span class="code">
<pre>Starting ChromeDriver 2.39.562718 (9a2698cba08cf5a471a29d30c8b3e12becabb0e9) on port 47811
Only local connections are allowed.
Jan 21, 2020 7:41:16 PM org.openqa.selenium.remote.ProtocolHandshake createSession
INFO: Detected dialect: OSS
</pre>
</span>
</div>
</div>
<div id="footer">
<p>
<div>
<label class="hidden" id="label-for-line-wrapping-toggle" for="line-wrapping-toggle">Wrap lines
<input id="line-wrapping-toggle" type="checkbox" autocomplete="off"/>
</label>
</div>Generated by 
<a href="http://www.gradle.org">Gradle 4.6</a> at Jan 21, 2020 7:52:56 PM</p>
</div>
</div>
</body>
</html>
